[2024-06-30T02:34:07.959+0000] {logging_mixin.py:150} WARNING - /home/***/.local/lib/python3.7/site-packages/***/utils/sqlalchemy.py:124 DeprecationWarning: The sql_alchemy_conn option in [core] has been moved to the sql_alchemy_conn option in [database] - the old setting has been used, but please update your config.
[2024-06-30T02:34:08.037+0000] {taskinstance.py:1103} INFO - Dependencies all met for dep_context=non-requeueable deps ti=<TaskInstance: example_dag.ingest_task scheduled__2024-06-29T02:32:57.600741+00:00 [queued]>
[2024-06-30T02:34:08.099+0000] {taskinstance.py:1103} INFO - Dependencies all met for dep_context=requeueable deps ti=<TaskInstance: example_dag.ingest_task scheduled__2024-06-29T02:32:57.600741+00:00 [queued]>
[2024-06-30T02:34:08.112+0000] {taskinstance.py:1308} INFO - Starting attempt 1 of 2
[2024-06-30T02:34:08.309+0000] {taskinstance.py:1327} INFO - Executing <Task(PythonOperator): ingest_task> on 2024-06-29 02:32:57.600741+00:00
[2024-06-30T02:34:08.415+0000] {standard_task_runner.py:57} INFO - Started process 266 to run task
[2024-06-30T02:34:08.451+0000] {standard_task_runner.py:84} INFO - Running: ['***', 'tasks', 'run', 'example_dag', 'ingest_task', 'scheduled__2024-06-29T02:32:57.600741+00:00', '--job-id', '14', '--raw', '--subdir', 'DAGS_FOLDER/example_dags.py', '--cfg-path', '/tmp/tmpo6d0zg5m']
[2024-06-30T02:34:08.463+0000] {standard_task_runner.py:85} INFO - Job 14: Subtask ingest_task
[2024-06-30T02:34:08.594+0000] {logging_mixin.py:150} WARNING - /home/***/.local/lib/python3.7/site-packages/***/settings.py:195 DeprecationWarning: The sql_alchemy_conn option in [core] has been moved to the sql_alchemy_conn option in [database] - the old setting has been used, but please update your config.
[2024-06-30T02:34:09.078+0000] {task_command.py:410} INFO - Running <TaskInstance: example_dag.ingest_task scheduled__2024-06-29T02:32:57.600741+00:00 [running]> on host a6e3ed8ccea2
[2024-06-30T02:34:09.207+0000] {logging_mixin.py:150} WARNING - /home/***/.local/lib/python3.7/site-packages/***/utils/sqlalchemy.py:124 DeprecationWarning: The sql_alchemy_conn option in [core] has been moved to the sql_alchemy_conn option in [database] - the old setting has been used, but please update your config.
[2024-06-30T02:34:10.036+0000] {taskinstance.py:1547} INFO - Exporting env vars: AIRFLOW_CTX_DAG_OWNER='***' AIRFLOW_CTX_DAG_ID='example_dag' AIRFLOW_CTX_TASK_ID='ingest_task' AIRFLOW_CTX_EXECUTION_DATE='2024-06-29T02:32:57.600741+00:00' AIRFLOW_CTX_TRY_NUMBER='1' AIRFLOW_CTX_DAG_RUN_ID='scheduled__2024-06-29T02:32:57.600741+00:00'
[2024-06-30T02:34:11.518+0000] {transport.py:1893} INFO - Connected (version 2.0, client OpenSSH_8.4p1)
[2024-06-30T02:34:11.904+0000] {transport.py:1893} INFO - Authentication (password) successful!
[2024-06-30T02:34:13.890+0000] {sftp.py:169} INFO - [chan 0] Opened sftp connection (server version 3)
[2024-06-30T02:34:13.929+0000] {logging_mixin.py:150} INFO - Created directory: /upload/processed
[2024-06-30T02:34:13.932+0000] {sftp.py:169} INFO - [chan 0] sftp session closed.
[2024-06-30T02:34:14.036+0000] {transport.py:1893} INFO - Connected (version 2.0, client OpenSSH_8.4p1)
[2024-06-30T02:34:14.222+0000] {transport.py:1893} INFO - Authentication (password) successful!
[2024-06-30T02:34:15.401+0000] {sftp.py:169} INFO - [chan 0] Opened sftp connection (server version 3)
[2024-06-30T02:34:15.431+0000] {sftp.py:169} INFO - [chan 0] sftp session closed.
[2024-06-30T02:34:15.464+0000] {transport.py:1893} INFO - Connected (version 2.0, client OpenSSH_8.4p1)
[2024-06-30T02:34:15.637+0000] {transport.py:1893} INFO - Authentication (password) successful!
[2024-06-30T02:34:16.658+0000] {sftp.py:169} INFO - [chan 0] Opened sftp connection (server version 3)
[2024-06-30T02:34:16.694+0000] {sftp.py:169} INFO - [chan 0] sftp session closed.
[2024-06-30T02:34:16.839+0000] {transport.py:1893} INFO - Connected (version 2.0, client OpenSSH_8.4p1)
[2024-06-30T02:34:17.013+0000] {transport.py:1893} INFO - Authentication (password) successful!
[2024-06-30T02:34:18.046+0000] {sftp.py:169} INFO - [chan 0] Opened sftp connection (server version 3)
[2024-06-30T02:34:18.060+0000] {sftp.py:169} INFO - [chan 0] sftp session closed.
[2024-06-30T02:34:18.107+0000] {transport.py:1893} INFO - Connected (version 2.0, client OpenSSH_8.4p1)
[2024-06-30T02:34:18.306+0000] {transport.py:1893} INFO - Authentication (password) successful!
[2024-06-30T02:34:19.675+0000] {sftp.py:169} INFO - [chan 0] Opened sftp connection (server version 3)
[2024-06-30T02:34:19.698+0000] {sftp.py:169} INFO - [chan 0] sftp session closed.
[2024-06-30T02:34:19.767+0000] {transport.py:1893} INFO - Connected (version 2.0, client OpenSSH_8.4p1)
[2024-06-30T02:34:19.963+0000] {transport.py:1893} INFO - Authentication (password) successful!
[2024-06-30T02:34:21.076+0000] {sftp.py:169} INFO - [chan 0] Opened sftp connection (server version 3)
[2024-06-30T02:34:21.090+0000] {sftp.py:169} INFO - [chan 0] sftp session closed.
[2024-06-30T02:34:21.136+0000] {transport.py:1893} INFO - Connected (version 2.0, client OpenSSH_8.4p1)
[2024-06-30T02:34:21.294+0000] {transport.py:1893} INFO - Authentication (password) successful!
[2024-06-30T02:34:22.625+0000] {sftp.py:169} INFO - [chan 0] Opened sftp connection (server version 3)
[2024-06-30T02:34:22.652+0000] {sftp.py:169} INFO - [chan 0] sftp session closed.
[2024-06-30T02:34:22.712+0000] {transport.py:1893} INFO - Connected (version 2.0, client OpenSSH_8.4p1)
[2024-06-30T02:34:22.907+0000] {transport.py:1893} INFO - Authentication (password) successful!
[2024-06-30T02:34:23.787+0000] {sftp.py:169} INFO - [chan 0] Opened sftp connection (server version 3)
[2024-06-30T02:34:23.796+0000] {sftp.py:169} INFO - [chan 0] sftp session closed.
[2024-06-30T02:34:23.841+0000] {transport.py:1893} INFO - Connected (version 2.0, client OpenSSH_8.4p1)
[2024-06-30T02:34:24.032+0000] {transport.py:1893} INFO - Authentication (password) successful!
[2024-06-30T02:34:25.274+0000] {sftp.py:169} INFO - [chan 0] Opened sftp connection (server version 3)
[2024-06-30T02:34:25.295+0000] {sftp.py:169} INFO - [chan 0] sftp session closed.
[2024-06-30T02:34:25.375+0000] {transport.py:1893} INFO - Connected (version 2.0, client OpenSSH_8.4p1)
[2024-06-30T02:34:25.470+0000] {transport.py:1893} INFO - Authentication (password) successful!
[2024-06-30T02:34:26.965+0000] {sftp.py:169} INFO - [chan 0] Opened sftp connection (server version 3)
[2024-06-30T02:34:26.975+0000] {sftp.py:169} INFO - [chan 0] sftp session closed.
[2024-06-30T02:34:26.981+0000] {python.py:183} INFO - Done. Returned value was: None
[2024-06-30T02:34:27.032+0000] {taskinstance.py:1350} INFO - Marking task as SUCCESS. dag_id=example_dag, task_id=ingest_task, execution_date=20240629T023257, start_date=20240630T023408, end_date=20240630T023427
[2024-06-30T02:34:27.287+0000] {local_task_job_runner.py:225} INFO - Task exited with return code 0
[2024-06-30T02:34:27.434+0000] {taskinstance.py:2653} INFO - 1 downstream tasks scheduled from follow-on schedule check
