[2024-07-02T10:15:34.182+0000] {processor.py:157} INFO - Started process (PID=162) to work on /opt/airflow/dags/example_dags.py
[2024-07-02T10:15:34.199+0000] {processor.py:826} INFO - Processing file /opt/airflow/dags/example_dags.py for tasks to queue
[2024-07-02T10:15:34.216+0000] {logging_mixin.py:150} INFO - [2024-07-02T10:15:34.212+0000] {dagbag.py:541} INFO - Filling up the DagBag from /opt/airflow/dags/example_dags.py
[2024-07-02T10:15:47.400+0000] {logging_mixin.py:150} WARNING - /home/airflow/.local/lib/python3.7/site-packages/pysftp/__init__.py:61 UserWarning: Failed to load HostKeys from /home/airflow/.ssh/known_hosts.  You will need to explicitly load HostKeys (cnopts.hostkeys.load(filename)) or disableHostKey checking (cnopts.hostkeys = None).
[2024-07-02T10:15:47.420+0000] {logging_mixin.py:150} INFO - [2024-07-02T10:15:47.414+0000] {dagbag.py:350} ERROR - Failed to import: /opt/airflow/dags/example_dags.py
Traceback (most recent call last):
  File "/home/airflow/.local/lib/python3.7/site-packages/airflow/models/dagbag.py", line 346, in parse
    loader.exec_module(new_module)
  File "<frozen importlib._bootstrap_external>", line 728, in exec_module
  File "<frozen importlib._bootstrap>", line 219, in _call_with_frames_removed
  File "/opt/airflow/dags/example_dags.py", line 6, in <module>
    from utils.report import generate_daily_report
  File "/opt/airflow/dags/utils/report.py", line 5, in <module>
    import schedule
ModuleNotFoundError: No module named 'schedule'
[2024-07-02T10:15:47.433+0000] {processor.py:838} WARNING - No viable dags retrieved from /opt/airflow/dags/example_dags.py
[2024-07-02T10:15:47.724+0000] {processor.py:179} INFO - Processing /opt/airflow/dags/example_dags.py took 13.631 seconds
[2024-07-02T10:16:17.991+0000] {processor.py:157} INFO - Started process (PID=176) to work on /opt/airflow/dags/example_dags.py
[2024-07-02T10:16:17.997+0000] {processor.py:826} INFO - Processing file /opt/airflow/dags/example_dags.py for tasks to queue
[2024-07-02T10:16:18.000+0000] {logging_mixin.py:150} INFO - [2024-07-02T10:16:17.999+0000] {dagbag.py:541} INFO - Filling up the DagBag from /opt/airflow/dags/example_dags.py
[2024-07-02T10:16:20.231+0000] {logging_mixin.py:150} WARNING - /home/airflow/.local/lib/python3.7/site-packages/pysftp/__init__.py:61 UserWarning: Failed to load HostKeys from /home/airflow/.ssh/known_hosts.  You will need to explicitly load HostKeys (cnopts.hostkeys.load(filename)) or disableHostKey checking (cnopts.hostkeys = None).
[2024-07-02T10:16:20.244+0000] {logging_mixin.py:150} INFO - [2024-07-02T10:16:20.238+0000] {dagbag.py:350} ERROR - Failed to import: /opt/airflow/dags/example_dags.py
Traceback (most recent call last):
  File "/home/airflow/.local/lib/python3.7/site-packages/airflow/models/dagbag.py", line 346, in parse
    loader.exec_module(new_module)
  File "<frozen importlib._bootstrap_external>", line 728, in exec_module
  File "<frozen importlib._bootstrap>", line 219, in _call_with_frames_removed
  File "/opt/airflow/dags/example_dags.py", line 6, in <module>
    from utils.report import generate_daily_report
  File "/opt/airflow/dags/utils/report.py", line 5, in <module>
    import schedule
ModuleNotFoundError: No module named 'schedule'
[2024-07-02T10:16:20.246+0000] {processor.py:838} WARNING - No viable dags retrieved from /opt/airflow/dags/example_dags.py
[2024-07-02T10:16:20.326+0000] {processor.py:179} INFO - Processing /opt/airflow/dags/example_dags.py took 2.360 seconds
[2024-07-02T10:16:50.501+0000] {processor.py:157} INFO - Started process (PID=189) to work on /opt/airflow/dags/example_dags.py
[2024-07-02T10:16:50.505+0000] {processor.py:826} INFO - Processing file /opt/airflow/dags/example_dags.py for tasks to queue
[2024-07-02T10:16:50.514+0000] {logging_mixin.py:150} INFO - [2024-07-02T10:16:50.512+0000] {dagbag.py:541} INFO - Filling up the DagBag from /opt/airflow/dags/example_dags.py
[2024-07-02T10:16:53.584+0000] {logging_mixin.py:150} WARNING - /home/airflow/.local/lib/python3.7/site-packages/pysftp/__init__.py:61 UserWarning: Failed to load HostKeys from /home/airflow/.ssh/known_hosts.  You will need to explicitly load HostKeys (cnopts.hostkeys.load(filename)) or disableHostKey checking (cnopts.hostkeys = None).
[2024-07-02T10:16:53.622+0000] {logging_mixin.py:150} INFO - [2024-07-02T10:16:53.595+0000] {dagbag.py:350} ERROR - Failed to import: /opt/airflow/dags/example_dags.py
Traceback (most recent call last):
  File "/home/airflow/.local/lib/python3.7/site-packages/airflow/models/dagbag.py", line 346, in parse
    loader.exec_module(new_module)
  File "<frozen importlib._bootstrap_external>", line 728, in exec_module
  File "<frozen importlib._bootstrap>", line 219, in _call_with_frames_removed
  File "/opt/airflow/dags/example_dags.py", line 6, in <module>
    from utils.report import generate_daily_report
  File "/opt/airflow/dags/utils/report.py", line 5, in <module>
    import schedule
ModuleNotFoundError: No module named 'schedule'
[2024-07-02T10:16:53.648+0000] {processor.py:838} WARNING - No viable dags retrieved from /opt/airflow/dags/example_dags.py
[2024-07-02T10:16:53.965+0000] {processor.py:179} INFO - Processing /opt/airflow/dags/example_dags.py took 3.475 seconds
[2024-07-02T10:17:24.288+0000] {processor.py:157} INFO - Started process (PID=202) to work on /opt/airflow/dags/example_dags.py
[2024-07-02T10:17:24.291+0000] {processor.py:826} INFO - Processing file /opt/airflow/dags/example_dags.py for tasks to queue
[2024-07-02T10:17:24.296+0000] {logging_mixin.py:150} INFO - [2024-07-02T10:17:24.294+0000] {dagbag.py:541} INFO - Filling up the DagBag from /opt/airflow/dags/example_dags.py
[2024-07-02T10:17:25.919+0000] {logging_mixin.py:150} WARNING - /home/airflow/.local/lib/python3.7/site-packages/pysftp/__init__.py:61 UserWarning: Failed to load HostKeys from /home/airflow/.ssh/known_hosts.  You will need to explicitly load HostKeys (cnopts.hostkeys.load(filename)) or disableHostKey checking (cnopts.hostkeys = None).
[2024-07-02T10:17:25.933+0000] {logging_mixin.py:150} INFO - [2024-07-02T10:17:25.925+0000] {dagbag.py:350} ERROR - Failed to import: /opt/airflow/dags/example_dags.py
Traceback (most recent call last):
  File "/home/airflow/.local/lib/python3.7/site-packages/airflow/models/dagbag.py", line 346, in parse
    loader.exec_module(new_module)
  File "<frozen importlib._bootstrap_external>", line 728, in exec_module
  File "<frozen importlib._bootstrap>", line 219, in _call_with_frames_removed
  File "/opt/airflow/dags/example_dags.py", line 6, in <module>
    from utils.report import generate_daily_report
  File "/opt/airflow/dags/utils/report.py", line 5, in <module>
    import schedule
ModuleNotFoundError: No module named 'schedule'
[2024-07-02T10:17:25.936+0000] {processor.py:838} WARNING - No viable dags retrieved from /opt/airflow/dags/example_dags.py
[2024-07-02T10:17:25.998+0000] {processor.py:179} INFO - Processing /opt/airflow/dags/example_dags.py took 1.722 seconds
[2024-07-02T10:17:56.325+0000] {processor.py:157} INFO - Started process (PID=215) to work on /opt/airflow/dags/example_dags.py
[2024-07-02T10:17:56.328+0000] {processor.py:826} INFO - Processing file /opt/airflow/dags/example_dags.py for tasks to queue
[2024-07-02T10:17:56.329+0000] {logging_mixin.py:150} INFO - [2024-07-02T10:17:56.329+0000] {dagbag.py:541} INFO - Filling up the DagBag from /opt/airflow/dags/example_dags.py
[2024-07-02T10:17:57.619+0000] {logging_mixin.py:150} WARNING - /home/airflow/.local/lib/python3.7/site-packages/pysftp/__init__.py:61 UserWarning: Failed to load HostKeys from /home/airflow/.ssh/known_hosts.  You will need to explicitly load HostKeys (cnopts.hostkeys.load(filename)) or disableHostKey checking (cnopts.hostkeys = None).
[2024-07-02T10:17:57.633+0000] {logging_mixin.py:150} INFO - [2024-07-02T10:17:57.623+0000] {dagbag.py:350} ERROR - Failed to import: /opt/airflow/dags/example_dags.py
Traceback (most recent call last):
  File "/home/airflow/.local/lib/python3.7/site-packages/airflow/models/dagbag.py", line 346, in parse
    loader.exec_module(new_module)
  File "<frozen importlib._bootstrap_external>", line 728, in exec_module
  File "<frozen importlib._bootstrap>", line 219, in _call_with_frames_removed
  File "/opt/airflow/dags/example_dags.py", line 6, in <module>
    from utils.report import generate_daily_report
  File "/opt/airflow/dags/utils/report.py", line 5, in <module>
    import schedule
ModuleNotFoundError: No module named 'schedule'
[2024-07-02T10:17:57.635+0000] {processor.py:838} WARNING - No viable dags retrieved from /opt/airflow/dags/example_dags.py
[2024-07-02T10:17:57.698+0000] {processor.py:179} INFO - Processing /opt/airflow/dags/example_dags.py took 1.378 seconds
[2024-07-02T10:19:09.838+0000] {processor.py:157} INFO - Started process (PID=162) to work on /opt/airflow/dags/example_dags.py
[2024-07-02T10:19:09.842+0000] {processor.py:826} INFO - Processing file /opt/airflow/dags/example_dags.py for tasks to queue
[2024-07-02T10:19:09.845+0000] {logging_mixin.py:150} INFO - [2024-07-02T10:19:09.845+0000] {dagbag.py:541} INFO - Filling up the DagBag from /opt/airflow/dags/example_dags.py
[2024-07-02T10:19:14.105+0000] {logging_mixin.py:150} WARNING - /home/airflow/.local/lib/python3.7/site-packages/pysftp/__init__.py:61 UserWarning: Failed to load HostKeys from /home/airflow/.ssh/known_hosts.  You will need to explicitly load HostKeys (cnopts.hostkeys.load(filename)) or disableHostKey checking (cnopts.hostkeys = None).
[2024-07-02T10:19:14.133+0000] {processor.py:836} INFO - DAG(s) dict_keys(['example_dag']) retrieved from /opt/airflow/dags/example_dags.py
[2024-07-02T10:19:14.297+0000] {logging_mixin.py:150} INFO - [2024-07-02T10:19:14.296+0000] {dag.py:2742} INFO - Sync 1 DAGs
[2024-07-02T10:19:14.394+0000] {logging_mixin.py:150} INFO - [2024-07-02T10:19:14.391+0000] {dag.py:3508} INFO - Setting next_dagrun for example_dag to 2024-07-01T10:19:14.381569+00:00, run_after=2024-07-02T10:19:14.381569+00:00
[2024-07-02T10:19:14.485+0000] {processor.py:179} INFO - Processing /opt/airflow/dags/example_dags.py took 4.655 seconds
[2024-07-02T10:19:44.685+0000] {processor.py:157} INFO - Started process (PID=176) to work on /opt/airflow/dags/example_dags.py
[2024-07-02T10:19:44.686+0000] {processor.py:826} INFO - Processing file /opt/airflow/dags/example_dags.py for tasks to queue
[2024-07-02T10:19:44.687+0000] {logging_mixin.py:150} INFO - [2024-07-02T10:19:44.687+0000] {dagbag.py:541} INFO - Filling up the DagBag from /opt/airflow/dags/example_dags.py
[2024-07-02T10:19:45.524+0000] {logging_mixin.py:150} WARNING - /home/airflow/.local/lib/python3.7/site-packages/pysftp/__init__.py:61 UserWarning: Failed to load HostKeys from /home/airflow/.ssh/known_hosts.  You will need to explicitly load HostKeys (cnopts.hostkeys.load(filename)) or disableHostKey checking (cnopts.hostkeys = None).
[2024-07-02T10:19:45.541+0000] {processor.py:836} INFO - DAG(s) dict_keys(['example_dag']) retrieved from /opt/airflow/dags/example_dags.py
[2024-07-02T10:19:45.624+0000] {logging_mixin.py:150} INFO - [2024-07-02T10:19:45.623+0000] {dag.py:2742} INFO - Sync 1 DAGs
[2024-07-02T10:19:45.665+0000] {logging_mixin.py:150} INFO - [2024-07-02T10:19:45.665+0000] {dag.py:3508} INFO - Setting next_dagrun for example_dag to 2024-07-01T10:19:45.663981+00:00, run_after=2024-07-02T10:19:45.663981+00:00
[2024-07-02T10:19:45.746+0000] {processor.py:179} INFO - Processing /opt/airflow/dags/example_dags.py took 1.067 seconds
[2024-07-02T10:20:16.021+0000] {processor.py:157} INFO - Started process (PID=189) to work on /opt/airflow/dags/example_dags.py
[2024-07-02T10:20:16.024+0000] {processor.py:826} INFO - Processing file /opt/airflow/dags/example_dags.py for tasks to queue
[2024-07-02T10:20:16.029+0000] {logging_mixin.py:150} INFO - [2024-07-02T10:20:16.027+0000] {dagbag.py:541} INFO - Filling up the DagBag from /opt/airflow/dags/example_dags.py
[2024-07-02T10:20:17.615+0000] {logging_mixin.py:150} WARNING - /home/airflow/.local/lib/python3.7/site-packages/pysftp/__init__.py:61 UserWarning: Failed to load HostKeys from /home/airflow/.ssh/known_hosts.  You will need to explicitly load HostKeys (cnopts.hostkeys.load(filename)) or disableHostKey checking (cnopts.hostkeys = None).
[2024-07-02T10:20:17.639+0000] {processor.py:836} INFO - DAG(s) dict_keys(['example_dag']) retrieved from /opt/airflow/dags/example_dags.py
[2024-07-02T10:20:17.751+0000] {logging_mixin.py:150} INFO - [2024-07-02T10:20:17.750+0000] {dag.py:2742} INFO - Sync 1 DAGs
[2024-07-02T10:20:17.873+0000] {logging_mixin.py:150} INFO - [2024-07-02T10:20:17.872+0000] {dag.py:3508} INFO - Setting next_dagrun for example_dag to 2024-07-01T10:20:17.872495+00:00, run_after=2024-07-02T10:20:17.872495+00:00
[2024-07-02T10:20:17.933+0000] {processor.py:179} INFO - Processing /opt/airflow/dags/example_dags.py took 1.926 seconds
[2024-07-02T10:20:48.306+0000] {processor.py:157} INFO - Started process (PID=202) to work on /opt/airflow/dags/example_dags.py
[2024-07-02T10:20:48.309+0000] {processor.py:826} INFO - Processing file /opt/airflow/dags/example_dags.py for tasks to queue
[2024-07-02T10:20:48.312+0000] {logging_mixin.py:150} INFO - [2024-07-02T10:20:48.312+0000] {dagbag.py:541} INFO - Filling up the DagBag from /opt/airflow/dags/example_dags.py
[2024-07-02T10:20:49.253+0000] {logging_mixin.py:150} WARNING - /home/airflow/.local/lib/python3.7/site-packages/pysftp/__init__.py:61 UserWarning: Failed to load HostKeys from /home/airflow/.ssh/known_hosts.  You will need to explicitly load HostKeys (cnopts.hostkeys.load(filename)) or disableHostKey checking (cnopts.hostkeys = None).
[2024-07-02T10:20:49.265+0000] {processor.py:836} INFO - DAG(s) dict_keys(['example_dag']) retrieved from /opt/airflow/dags/example_dags.py
[2024-07-02T10:20:49.310+0000] {logging_mixin.py:150} INFO - [2024-07-02T10:20:49.310+0000] {dag.py:2742} INFO - Sync 1 DAGs
[2024-07-02T10:20:49.346+0000] {logging_mixin.py:150} INFO - [2024-07-02T10:20:49.346+0000] {dag.py:3508} INFO - Setting next_dagrun for example_dag to 2024-07-01T10:20:49.345813+00:00, run_after=2024-07-02T10:20:49.345813+00:00
[2024-07-02T10:20:49.386+0000] {processor.py:179} INFO - Processing /opt/airflow/dags/example_dags.py took 1.088 seconds
[2024-07-02T10:21:19.627+0000] {processor.py:157} INFO - Started process (PID=215) to work on /opt/airflow/dags/example_dags.py
[2024-07-02T10:21:19.629+0000] {processor.py:826} INFO - Processing file /opt/airflow/dags/example_dags.py for tasks to queue
[2024-07-02T10:21:19.630+0000] {logging_mixin.py:150} INFO - [2024-07-02T10:21:19.630+0000] {dagbag.py:541} INFO - Filling up the DagBag from /opt/airflow/dags/example_dags.py
[2024-07-02T10:21:20.245+0000] {logging_mixin.py:150} WARNING - /home/airflow/.local/lib/python3.7/site-packages/pysftp/__init__.py:61 UserWarning: Failed to load HostKeys from /home/airflow/.ssh/known_hosts.  You will need to explicitly load HostKeys (cnopts.hostkeys.load(filename)) or disableHostKey checking (cnopts.hostkeys = None).
[2024-07-02T10:21:20.257+0000] {processor.py:836} INFO - DAG(s) dict_keys(['example_dag']) retrieved from /opt/airflow/dags/example_dags.py
[2024-07-02T10:21:20.298+0000] {logging_mixin.py:150} INFO - [2024-07-02T10:21:20.297+0000] {dag.py:2742} INFO - Sync 1 DAGs
[2024-07-02T10:21:20.333+0000] {logging_mixin.py:150} INFO - [2024-07-02T10:21:20.333+0000] {dag.py:3508} INFO - Setting next_dagrun for example_dag to 2024-07-01T10:21:20.333279+00:00, run_after=2024-07-02T10:21:20.333279+00:00
[2024-07-02T10:21:20.367+0000] {processor.py:179} INFO - Processing /opt/airflow/dags/example_dags.py took 0.743 seconds
[2024-07-02T10:21:50.665+0000] {processor.py:157} INFO - Started process (PID=228) to work on /opt/airflow/dags/example_dags.py
[2024-07-02T10:21:50.667+0000] {processor.py:826} INFO - Processing file /opt/airflow/dags/example_dags.py for tasks to queue
[2024-07-02T10:21:50.669+0000] {logging_mixin.py:150} INFO - [2024-07-02T10:21:50.668+0000] {dagbag.py:541} INFO - Filling up the DagBag from /opt/airflow/dags/example_dags.py
[2024-07-02T10:21:51.229+0000] {logging_mixin.py:150} WARNING - /home/airflow/.local/lib/python3.7/site-packages/pysftp/__init__.py:61 UserWarning: Failed to load HostKeys from /home/airflow/.ssh/known_hosts.  You will need to explicitly load HostKeys (cnopts.hostkeys.load(filename)) or disableHostKey checking (cnopts.hostkeys = None).
[2024-07-02T10:21:51.241+0000] {processor.py:836} INFO - DAG(s) dict_keys(['example_dag']) retrieved from /opt/airflow/dags/example_dags.py
[2024-07-02T10:21:51.310+0000] {logging_mixin.py:150} INFO - [2024-07-02T10:21:51.309+0000] {dag.py:2742} INFO - Sync 1 DAGs
[2024-07-02T10:21:51.370+0000] {logging_mixin.py:150} INFO - [2024-07-02T10:21:51.370+0000] {dag.py:3508} INFO - Setting next_dagrun for example_dag to 2024-07-01T10:21:51.369824+00:00, run_after=2024-07-02T10:21:51.369824+00:00
[2024-07-02T10:21:51.404+0000] {processor.py:179} INFO - Processing /opt/airflow/dags/example_dags.py took 0.745 seconds
[2024-07-02T10:22:21.736+0000] {processor.py:157} INFO - Started process (PID=241) to work on /opt/airflow/dags/example_dags.py
[2024-07-02T10:22:21.740+0000] {processor.py:826} INFO - Processing file /opt/airflow/dags/example_dags.py for tasks to queue
[2024-07-02T10:22:21.747+0000] {logging_mixin.py:150} INFO - [2024-07-02T10:22:21.746+0000] {dagbag.py:541} INFO - Filling up the DagBag from /opt/airflow/dags/example_dags.py
[2024-07-02T10:22:23.667+0000] {logging_mixin.py:150} WARNING - /home/airflow/.local/lib/python3.7/site-packages/pysftp/__init__.py:61 UserWarning: Failed to load HostKeys from /home/airflow/.ssh/known_hosts.  You will need to explicitly load HostKeys (cnopts.hostkeys.load(filename)) or disableHostKey checking (cnopts.hostkeys = None).
[2024-07-02T10:22:23.689+0000] {processor.py:836} INFO - DAG(s) dict_keys(['example_dag']) retrieved from /opt/airflow/dags/example_dags.py
[2024-07-02T10:22:23.782+0000] {logging_mixin.py:150} INFO - [2024-07-02T10:22:23.781+0000] {dag.py:2742} INFO - Sync 1 DAGs
[2024-07-02T10:22:23.864+0000] {logging_mixin.py:150} INFO - [2024-07-02T10:22:23.862+0000] {dag.py:3508} INFO - Setting next_dagrun for example_dag to 2024-07-01T10:22:23.860911+00:00, run_after=2024-07-02T10:22:23.860911+00:00
[2024-07-02T10:22:23.920+0000] {processor.py:179} INFO - Processing /opt/airflow/dags/example_dags.py took 2.197 seconds
[2024-07-02T10:22:54.125+0000] {processor.py:157} INFO - Started process (PID=254) to work on /opt/airflow/dags/example_dags.py
[2024-07-02T10:22:54.129+0000] {processor.py:826} INFO - Processing file /opt/airflow/dags/example_dags.py for tasks to queue
[2024-07-02T10:22:54.132+0000] {logging_mixin.py:150} INFO - [2024-07-02T10:22:54.131+0000] {dagbag.py:541} INFO - Filling up the DagBag from /opt/airflow/dags/example_dags.py
[2024-07-02T10:22:55.566+0000] {logging_mixin.py:150} WARNING - /home/airflow/.local/lib/python3.7/site-packages/pysftp/__init__.py:61 UserWarning: Failed to load HostKeys from /home/airflow/.ssh/known_hosts.  You will need to explicitly load HostKeys (cnopts.hostkeys.load(filename)) or disableHostKey checking (cnopts.hostkeys = None).
[2024-07-02T10:22:55.586+0000] {processor.py:836} INFO - DAG(s) dict_keys(['example_dag']) retrieved from /opt/airflow/dags/example_dags.py
[2024-07-02T10:22:55.688+0000] {logging_mixin.py:150} INFO - [2024-07-02T10:22:55.687+0000] {dag.py:2742} INFO - Sync 1 DAGs
[2024-07-02T10:22:55.771+0000] {logging_mixin.py:150} INFO - [2024-07-02T10:22:55.770+0000] {dag.py:3508} INFO - Setting next_dagrun for example_dag to 2024-07-01T10:22:55.769905+00:00, run_after=2024-07-02T10:22:55.769905+00:00
[2024-07-02T10:22:55.824+0000] {processor.py:179} INFO - Processing /opt/airflow/dags/example_dags.py took 1.714 seconds
