[2024-06-30T01:56:25.576+0000] {processor.py:157} INFO - Started process (PID=162) to work on /opt/airflow/dags/example_dags.py
[2024-06-30T01:56:25.583+0000] {processor.py:826} INFO - Processing file /opt/airflow/dags/example_dags.py for tasks to queue
[2024-06-30T01:56:25.590+0000] {logging_mixin.py:150} INFO - [2024-06-30T01:56:25.589+0000] {dagbag.py:541} INFO - Filling up the DagBag from /opt/airflow/dags/example_dags.py
[2024-06-30T01:56:25.770+0000] {logging_mixin.py:150} INFO - [2024-06-30T01:56:25.753+0000] {dagbag.py:350} ERROR - Failed to import: /opt/airflow/dags/example_dags.py
Traceback (most recent call last):
  File "/home/airflow/.local/lib/python3.7/site-packages/airflow/models/dagbag.py", line 346, in parse
    loader.exec_module(new_module)
  File "<frozen importlib._bootstrap_external>", line 728, in exec_module
  File "<frozen importlib._bootstrap>", line 219, in _call_with_frames_removed
  File "/opt/airflow/dags/example_dags.py", line 5, in <module>
    from utils.ingest import main as ingest
  File "/opt/airflow/dags/utils/ingest.py", line 2, in <module>
    import pysftp
ModuleNotFoundError: No module named 'pysftp'
[2024-06-30T01:56:25.773+0000] {processor.py:838} WARNING - No viable dags retrieved from /opt/airflow/dags/example_dags.py
[2024-06-30T01:56:25.888+0000] {processor.py:179} INFO - Processing /opt/airflow/dags/example_dags.py took 0.352 seconds
[2024-06-30T02:04:20.464+0000] {processor.py:157} INFO - Started process (PID=162) to work on /opt/airflow/dags/example_dags.py
[2024-06-30T02:04:20.501+0000] {processor.py:826} INFO - Processing file /opt/airflow/dags/example_dags.py for tasks to queue
[2024-06-30T02:04:20.541+0000] {logging_mixin.py:150} INFO - [2024-06-30T02:04:20.523+0000] {dagbag.py:541} INFO - Filling up the DagBag from /opt/airflow/dags/example_dags.py
[2024-06-30T02:04:20.831+0000] {logging_mixin.py:150} INFO - [2024-06-30T02:04:20.758+0000] {dagbag.py:350} ERROR - Failed to import: /opt/airflow/dags/example_dags.py
Traceback (most recent call last):
  File "/home/airflow/.local/lib/python3.7/site-packages/airflow/models/dagbag.py", line 346, in parse
    loader.exec_module(new_module)
  File "<frozen importlib._bootstrap_external>", line 728, in exec_module
  File "<frozen importlib._bootstrap>", line 219, in _call_with_frames_removed
  File "/opt/airflow/dags/example_dags.py", line 5, in <module>
    from utils.ingest import main as ingest
  File "/opt/airflow/dags/utils/ingest.py", line 2, in <module>
    import pysftp
ModuleNotFoundError: No module named 'pysftp'
[2024-06-30T02:04:20.833+0000] {processor.py:838} WARNING - No viable dags retrieved from /opt/airflow/dags/example_dags.py
[2024-06-30T02:04:21.237+0000] {processor.py:179} INFO - Processing /opt/airflow/dags/example_dags.py took 0.962 seconds
[2024-06-30T02:04:54.539+0000] {processor.py:157} INFO - Started process (PID=162) to work on /opt/airflow/dags/example_dags.py
[2024-06-30T02:04:54.542+0000] {processor.py:826} INFO - Processing file /opt/airflow/dags/example_dags.py for tasks to queue
[2024-06-30T02:04:54.544+0000] {logging_mixin.py:150} INFO - [2024-06-30T02:04:54.544+0000] {dagbag.py:541} INFO - Filling up the DagBag from /opt/airflow/dags/example_dags.py
[2024-06-30T02:04:54.582+0000] {logging_mixin.py:150} INFO - [2024-06-30T02:04:54.578+0000] {dagbag.py:350} ERROR - Failed to import: /opt/airflow/dags/example_dags.py
Traceback (most recent call last):
  File "/home/airflow/.local/lib/python3.7/site-packages/airflow/models/dagbag.py", line 346, in parse
    loader.exec_module(new_module)
  File "<frozen importlib._bootstrap_external>", line 728, in exec_module
  File "<frozen importlib._bootstrap>", line 219, in _call_with_frames_removed
  File "/opt/airflow/dags/example_dags.py", line 5, in <module>
    from utils.ingest import main as ingest
  File "/opt/airflow/dags/utils/ingest.py", line 2, in <module>
    import pysftp
ModuleNotFoundError: No module named 'pysftp'
[2024-06-30T02:04:54.585+0000] {processor.py:838} WARNING - No viable dags retrieved from /opt/airflow/dags/example_dags.py
[2024-06-30T02:04:54.624+0000] {processor.py:179} INFO - Processing /opt/airflow/dags/example_dags.py took 0.089 seconds
[2024-06-30T02:05:25.183+0000] {processor.py:157} INFO - Started process (PID=168) to work on /opt/airflow/dags/example_dags.py
[2024-06-30T02:05:25.191+0000] {processor.py:826} INFO - Processing file /opt/airflow/dags/example_dags.py for tasks to queue
[2024-06-30T02:05:25.202+0000] {logging_mixin.py:150} INFO - [2024-06-30T02:05:25.197+0000] {dagbag.py:541} INFO - Filling up the DagBag from /opt/airflow/dags/example_dags.py
[2024-06-30T02:05:25.349+0000] {logging_mixin.py:150} INFO - [2024-06-30T02:05:25.325+0000] {dagbag.py:350} ERROR - Failed to import: /opt/airflow/dags/example_dags.py
Traceback (most recent call last):
  File "/home/airflow/.local/lib/python3.7/site-packages/airflow/models/dagbag.py", line 346, in parse
    loader.exec_module(new_module)
  File "<frozen importlib._bootstrap_external>", line 728, in exec_module
  File "<frozen importlib._bootstrap>", line 219, in _call_with_frames_removed
  File "/opt/airflow/dags/example_dags.py", line 5, in <module>
    from utils.ingest import main as ingest
  File "/opt/airflow/dags/utils/ingest.py", line 2, in <module>
    import pysftp
ModuleNotFoundError: No module named 'pysftp'
[2024-06-30T02:05:25.351+0000] {processor.py:838} WARNING - No viable dags retrieved from /opt/airflow/dags/example_dags.py
[2024-06-30T02:05:25.664+0000] {processor.py:179} INFO - Processing /opt/airflow/dags/example_dags.py took 0.564 seconds
[2024-06-30T02:07:06.174+0000] {processor.py:157} INFO - Started process (PID=162) to work on /opt/airflow/dags/example_dags.py
[2024-06-30T02:07:06.178+0000] {processor.py:826} INFO - Processing file /opt/airflow/dags/example_dags.py for tasks to queue
[2024-06-30T02:07:06.180+0000] {logging_mixin.py:150} INFO - [2024-06-30T02:07:06.180+0000] {dagbag.py:541} INFO - Filling up the DagBag from /opt/airflow/dags/example_dags.py
[2024-06-30T02:07:06.209+0000] {logging_mixin.py:150} INFO - [2024-06-30T02:07:06.201+0000] {dagbag.py:350} ERROR - Failed to import: /opt/airflow/dags/example_dags.py
Traceback (most recent call last):
  File "/home/airflow/.local/lib/python3.7/site-packages/airflow/models/dagbag.py", line 346, in parse
    loader.exec_module(new_module)
  File "<frozen importlib._bootstrap_external>", line 728, in exec_module
  File "<frozen importlib._bootstrap>", line 219, in _call_with_frames_removed
  File "/opt/airflow/dags/example_dags.py", line 5, in <module>
    from utils.ingest import main as ingest
  File "/opt/airflow/dags/utils/ingest.py", line 2, in <module>
    import pysftp
ModuleNotFoundError: No module named 'pysftp'
[2024-06-30T02:07:06.211+0000] {processor.py:838} WARNING - No viable dags retrieved from /opt/airflow/dags/example_dags.py
[2024-06-30T02:07:06.252+0000] {processor.py:179} INFO - Processing /opt/airflow/dags/example_dags.py took 0.084 seconds
[2024-06-30T02:07:36.655+0000] {processor.py:157} INFO - Started process (PID=168) to work on /opt/airflow/dags/example_dags.py
[2024-06-30T02:07:36.657+0000] {processor.py:826} INFO - Processing file /opt/airflow/dags/example_dags.py for tasks to queue
[2024-06-30T02:07:36.660+0000] {logging_mixin.py:150} INFO - [2024-06-30T02:07:36.659+0000] {dagbag.py:541} INFO - Filling up the DagBag from /opt/airflow/dags/example_dags.py
[2024-06-30T02:07:36.687+0000] {logging_mixin.py:150} INFO - [2024-06-30T02:07:36.680+0000] {dagbag.py:350} ERROR - Failed to import: /opt/airflow/dags/example_dags.py
Traceback (most recent call last):
  File "/home/airflow/.local/lib/python3.7/site-packages/airflow/models/dagbag.py", line 346, in parse
    loader.exec_module(new_module)
  File "<frozen importlib._bootstrap_external>", line 728, in exec_module
  File "<frozen importlib._bootstrap>", line 219, in _call_with_frames_removed
  File "/opt/airflow/dags/example_dags.py", line 5, in <module>
    from utils.ingest import main as ingest
  File "/opt/airflow/dags/utils/ingest.py", line 2, in <module>
    import pysftp
ModuleNotFoundError: No module named 'pysftp'
[2024-06-30T02:07:36.688+0000] {processor.py:838} WARNING - No viable dags retrieved from /opt/airflow/dags/example_dags.py
[2024-06-30T02:07:36.728+0000] {processor.py:179} INFO - Processing /opt/airflow/dags/example_dags.py took 0.082 seconds
[2024-06-30T02:12:55.316+0000] {processor.py:157} INFO - Started process (PID=162) to work on /opt/airflow/dags/example_dags.py
[2024-06-30T02:12:55.341+0000] {processor.py:826} INFO - Processing file /opt/airflow/dags/example_dags.py for tasks to queue
[2024-06-30T02:12:55.349+0000] {logging_mixin.py:150} INFO - [2024-06-30T02:12:55.347+0000] {dagbag.py:541} INFO - Filling up the DagBag from /opt/airflow/dags/example_dags.py
[2024-06-30T02:12:55.507+0000] {logging_mixin.py:150} INFO - [2024-06-30T02:12:55.493+0000] {dagbag.py:350} ERROR - Failed to import: /opt/airflow/dags/example_dags.py
Traceback (most recent call last):
  File "/home/airflow/.local/lib/python3.7/site-packages/airflow/models/dagbag.py", line 346, in parse
    loader.exec_module(new_module)
  File "<frozen importlib._bootstrap_external>", line 728, in exec_module
  File "<frozen importlib._bootstrap>", line 219, in _call_with_frames_removed
  File "/opt/airflow/dags/example_dags.py", line 5, in <module>
    from utils.ingest import main as ingest
  File "/opt/airflow/dags/utils/ingest.py", line 2, in <module>
    import pysftp
ModuleNotFoundError: No module named 'pysftp'
[2024-06-30T02:12:55.512+0000] {processor.py:838} WARNING - No viable dags retrieved from /opt/airflow/dags/example_dags.py
[2024-06-30T02:12:55.664+0000] {processor.py:179} INFO - Processing /opt/airflow/dags/example_dags.py took 0.365 seconds
[2024-06-30T02:13:27.594+0000] {processor.py:157} INFO - Started process (PID=168) to work on /opt/airflow/dags/example_dags.py
[2024-06-30T02:13:27.635+0000] {processor.py:826} INFO - Processing file /opt/airflow/dags/example_dags.py for tasks to queue
[2024-06-30T02:13:27.658+0000] {logging_mixin.py:150} INFO - [2024-06-30T02:13:27.653+0000] {dagbag.py:541} INFO - Filling up the DagBag from /opt/airflow/dags/example_dags.py
[2024-06-30T02:13:27.909+0000] {logging_mixin.py:150} INFO - [2024-06-30T02:13:27.893+0000] {dagbag.py:350} ERROR - Failed to import: /opt/airflow/dags/example_dags.py
Traceback (most recent call last):
  File "/home/airflow/.local/lib/python3.7/site-packages/airflow/models/dagbag.py", line 346, in parse
    loader.exec_module(new_module)
  File "<frozen importlib._bootstrap_external>", line 728, in exec_module
  File "<frozen importlib._bootstrap>", line 219, in _call_with_frames_removed
  File "/opt/airflow/dags/example_dags.py", line 5, in <module>
    from utils.ingest import main as ingest
  File "/opt/airflow/dags/utils/ingest.py", line 2, in <module>
    import pysftp
ModuleNotFoundError: No module named 'pysftp'
[2024-06-30T02:13:27.918+0000] {processor.py:838} WARNING - No viable dags retrieved from /opt/airflow/dags/example_dags.py
[2024-06-30T02:13:28.158+0000] {processor.py:179} INFO - Processing /opt/airflow/dags/example_dags.py took 0.774 seconds
[2024-06-30T02:13:58.488+0000] {processor.py:157} INFO - Started process (PID=173) to work on /opt/airflow/dags/example_dags.py
[2024-06-30T02:13:58.496+0000] {processor.py:826} INFO - Processing file /opt/airflow/dags/example_dags.py for tasks to queue
[2024-06-30T02:13:58.499+0000] {logging_mixin.py:150} INFO - [2024-06-30T02:13:58.498+0000] {dagbag.py:541} INFO - Filling up the DagBag from /opt/airflow/dags/example_dags.py
[2024-06-30T02:13:58.549+0000] {logging_mixin.py:150} INFO - [2024-06-30T02:13:58.543+0000] {dagbag.py:350} ERROR - Failed to import: /opt/airflow/dags/example_dags.py
Traceback (most recent call last):
  File "/home/airflow/.local/lib/python3.7/site-packages/airflow/models/dagbag.py", line 346, in parse
    loader.exec_module(new_module)
  File "<frozen importlib._bootstrap_external>", line 728, in exec_module
  File "<frozen importlib._bootstrap>", line 219, in _call_with_frames_removed
  File "/opt/airflow/dags/example_dags.py", line 5, in <module>
    from utils.ingest import main as ingest
  File "/opt/airflow/dags/utils/ingest.py", line 2, in <module>
    import pysftp
ModuleNotFoundError: No module named 'pysftp'
[2024-06-30T02:13:58.555+0000] {processor.py:838} WARNING - No viable dags retrieved from /opt/airflow/dags/example_dags.py
[2024-06-30T02:13:58.688+0000] {processor.py:179} INFO - Processing /opt/airflow/dags/example_dags.py took 0.213 seconds
[2024-06-30T02:14:29.336+0000] {processor.py:157} INFO - Started process (PID=178) to work on /opt/airflow/dags/example_dags.py
[2024-06-30T02:14:29.350+0000] {processor.py:826} INFO - Processing file /opt/airflow/dags/example_dags.py for tasks to queue
[2024-06-30T02:14:29.361+0000] {logging_mixin.py:150} INFO - [2024-06-30T02:14:29.360+0000] {dagbag.py:541} INFO - Filling up the DagBag from /opt/airflow/dags/example_dags.py
[2024-06-30T02:14:29.785+0000] {logging_mixin.py:150} INFO - [2024-06-30T02:14:29.698+0000] {dagbag.py:350} ERROR - Failed to import: /opt/airflow/dags/example_dags.py
Traceback (most recent call last):
  File "/home/airflow/.local/lib/python3.7/site-packages/airflow/models/dagbag.py", line 346, in parse
    loader.exec_module(new_module)
  File "<frozen importlib._bootstrap_external>", line 728, in exec_module
  File "<frozen importlib._bootstrap>", line 219, in _call_with_frames_removed
  File "/opt/airflow/dags/example_dags.py", line 5, in <module>
    from utils.ingest import main as ingest
  File "/opt/airflow/dags/utils/ingest.py", line 2, in <module>
    import pysftp
ModuleNotFoundError: No module named 'pysftp'
[2024-06-30T02:14:29.827+0000] {processor.py:838} WARNING - No viable dags retrieved from /opt/airflow/dags/example_dags.py
[2024-06-30T02:14:30.184+0000] {processor.py:179} INFO - Processing /opt/airflow/dags/example_dags.py took 0.967 seconds
[2024-06-30T02:15:01.087+0000] {processor.py:157} INFO - Started process (PID=183) to work on /opt/airflow/dags/example_dags.py
[2024-06-30T02:15:01.095+0000] {processor.py:826} INFO - Processing file /opt/airflow/dags/example_dags.py for tasks to queue
[2024-06-30T02:15:01.119+0000] {logging_mixin.py:150} INFO - [2024-06-30T02:15:01.117+0000] {dagbag.py:541} INFO - Filling up the DagBag from /opt/airflow/dags/example_dags.py
[2024-06-30T02:15:01.463+0000] {logging_mixin.py:150} INFO - [2024-06-30T02:15:01.188+0000] {dagbag.py:350} ERROR - Failed to import: /opt/airflow/dags/example_dags.py
Traceback (most recent call last):
  File "/home/airflow/.local/lib/python3.7/site-packages/airflow/models/dagbag.py", line 346, in parse
    loader.exec_module(new_module)
  File "<frozen importlib._bootstrap_external>", line 728, in exec_module
  File "<frozen importlib._bootstrap>", line 219, in _call_with_frames_removed
  File "/opt/airflow/dags/example_dags.py", line 5, in <module>
    from utils.ingest import main as ingest
  File "/opt/airflow/dags/utils/ingest.py", line 2, in <module>
    import pysftp
ModuleNotFoundError: No module named 'pysftp'
[2024-06-30T02:15:01.477+0000] {processor.py:838} WARNING - No viable dags retrieved from /opt/airflow/dags/example_dags.py
[2024-06-30T02:15:01.841+0000] {processor.py:179} INFO - Processing /opt/airflow/dags/example_dags.py took 0.895 seconds
[2024-06-30T02:15:32.239+0000] {processor.py:157} INFO - Started process (PID=188) to work on /opt/airflow/dags/example_dags.py
[2024-06-30T02:15:32.243+0000] {processor.py:826} INFO - Processing file /opt/airflow/dags/example_dags.py for tasks to queue
[2024-06-30T02:15:32.247+0000] {logging_mixin.py:150} INFO - [2024-06-30T02:15:32.246+0000] {dagbag.py:541} INFO - Filling up the DagBag from /opt/airflow/dags/example_dags.py
[2024-06-30T02:15:32.270+0000] {logging_mixin.py:150} INFO - [2024-06-30T02:15:32.266+0000] {dagbag.py:350} ERROR - Failed to import: /opt/airflow/dags/example_dags.py
Traceback (most recent call last):
  File "/home/airflow/.local/lib/python3.7/site-packages/airflow/models/dagbag.py", line 346, in parse
    loader.exec_module(new_module)
  File "<frozen importlib._bootstrap_external>", line 728, in exec_module
  File "<frozen importlib._bootstrap>", line 219, in _call_with_frames_removed
  File "/opt/airflow/dags/example_dags.py", line 5, in <module>
    from utils.ingest import main as ingest
  File "/opt/airflow/dags/utils/ingest.py", line 2, in <module>
    import pysftp
ModuleNotFoundError: No module named 'pysftp'
[2024-06-30T02:15:32.273+0000] {processor.py:838} WARNING - No viable dags retrieved from /opt/airflow/dags/example_dags.py
[2024-06-30T02:15:32.321+0000] {processor.py:179} INFO - Processing /opt/airflow/dags/example_dags.py took 0.090 seconds
[2024-06-30T02:16:02.545+0000] {processor.py:157} INFO - Started process (PID=193) to work on /opt/airflow/dags/example_dags.py
[2024-06-30T02:16:02.549+0000] {processor.py:826} INFO - Processing file /opt/airflow/dags/example_dags.py for tasks to queue
[2024-06-30T02:16:02.551+0000] {logging_mixin.py:150} INFO - [2024-06-30T02:16:02.551+0000] {dagbag.py:541} INFO - Filling up the DagBag from /opt/airflow/dags/example_dags.py
[2024-06-30T02:16:02.574+0000] {logging_mixin.py:150} INFO - [2024-06-30T02:16:02.570+0000] {dagbag.py:350} ERROR - Failed to import: /opt/airflow/dags/example_dags.py
Traceback (most recent call last):
  File "/home/airflow/.local/lib/python3.7/site-packages/airflow/models/dagbag.py", line 346, in parse
    loader.exec_module(new_module)
  File "<frozen importlib._bootstrap_external>", line 728, in exec_module
  File "<frozen importlib._bootstrap>", line 219, in _call_with_frames_removed
  File "/opt/airflow/dags/example_dags.py", line 5, in <module>
    from utils.ingest import main as ingest
  File "/opt/airflow/dags/utils/ingest.py", line 2, in <module>
    import pysftp
ModuleNotFoundError: No module named 'pysftp'
[2024-06-30T02:16:02.577+0000] {processor.py:838} WARNING - No viable dags retrieved from /opt/airflow/dags/example_dags.py
[2024-06-30T02:16:02.623+0000] {processor.py:179} INFO - Processing /opt/airflow/dags/example_dags.py took 0.086 seconds
[2024-06-30T02:16:32.871+0000] {processor.py:157} INFO - Started process (PID=198) to work on /opt/airflow/dags/example_dags.py
[2024-06-30T02:16:32.875+0000] {processor.py:826} INFO - Processing file /opt/airflow/dags/example_dags.py for tasks to queue
[2024-06-30T02:16:32.878+0000] {logging_mixin.py:150} INFO - [2024-06-30T02:16:32.877+0000] {dagbag.py:541} INFO - Filling up the DagBag from /opt/airflow/dags/example_dags.py
[2024-06-30T02:16:32.929+0000] {logging_mixin.py:150} INFO - [2024-06-30T02:16:32.921+0000] {dagbag.py:350} ERROR - Failed to import: /opt/airflow/dags/example_dags.py
Traceback (most recent call last):
  File "/home/airflow/.local/lib/python3.7/site-packages/airflow/models/dagbag.py", line 346, in parse
    loader.exec_module(new_module)
  File "<frozen importlib._bootstrap_external>", line 728, in exec_module
  File "<frozen importlib._bootstrap>", line 219, in _call_with_frames_removed
  File "/opt/airflow/dags/example_dags.py", line 5, in <module>
    from utils.ingest import main as ingest
  File "/opt/airflow/dags/utils/ingest.py", line 2, in <module>
    import pysftp
ModuleNotFoundError: No module named 'pysftp'
[2024-06-30T02:16:32.933+0000] {processor.py:838} WARNING - No viable dags retrieved from /opt/airflow/dags/example_dags.py
[2024-06-30T02:16:32.998+0000] {processor.py:179} INFO - Processing /opt/airflow/dags/example_dags.py took 0.133 seconds
[2024-06-30T02:17:03.815+0000] {processor.py:157} INFO - Started process (PID=203) to work on /opt/airflow/dags/example_dags.py
[2024-06-30T02:17:03.825+0000] {processor.py:826} INFO - Processing file /opt/airflow/dags/example_dags.py for tasks to queue
[2024-06-30T02:17:03.838+0000] {logging_mixin.py:150} INFO - [2024-06-30T02:17:03.831+0000] {dagbag.py:541} INFO - Filling up the DagBag from /opt/airflow/dags/example_dags.py
[2024-06-30T02:17:03.980+0000] {logging_mixin.py:150} INFO - [2024-06-30T02:17:03.953+0000] {dagbag.py:350} ERROR - Failed to import: /opt/airflow/dags/example_dags.py
Traceback (most recent call last):
  File "/home/airflow/.local/lib/python3.7/site-packages/airflow/models/dagbag.py", line 346, in parse
    loader.exec_module(new_module)
  File "<frozen importlib._bootstrap_external>", line 728, in exec_module
  File "<frozen importlib._bootstrap>", line 219, in _call_with_frames_removed
  File "/opt/airflow/dags/example_dags.py", line 5, in <module>
    from utils.ingest import main as ingest
  File "/opt/airflow/dags/utils/ingest.py", line 2, in <module>
    import pysftp
ModuleNotFoundError: No module named 'pysftp'
[2024-06-30T02:17:03.983+0000] {processor.py:838} WARNING - No viable dags retrieved from /opt/airflow/dags/example_dags.py
[2024-06-30T02:17:04.147+0000] {processor.py:179} INFO - Processing /opt/airflow/dags/example_dags.py took 0.408 seconds
[2024-06-30T02:18:12.311+0000] {processor.py:157} INFO - Started process (PID=208) to work on /opt/airflow/dags/example_dags.py
[2024-06-30T02:18:12.319+0000] {processor.py:826} INFO - Processing file /opt/airflow/dags/example_dags.py for tasks to queue
[2024-06-30T02:18:12.329+0000] {logging_mixin.py:150} INFO - [2024-06-30T02:18:12.325+0000] {dagbag.py:541} INFO - Filling up the DagBag from /opt/airflow/dags/example_dags.py
[2024-06-30T02:18:12.643+0000] {logging_mixin.py:150} INFO - [2024-06-30T02:18:12.610+0000] {dagbag.py:350} ERROR - Failed to import: /opt/airflow/dags/example_dags.py
Traceback (most recent call last):
  File "/home/airflow/.local/lib/python3.7/site-packages/airflow/models/dagbag.py", line 346, in parse
    loader.exec_module(new_module)
  File "<frozen importlib._bootstrap_external>", line 728, in exec_module
  File "<frozen importlib._bootstrap>", line 219, in _call_with_frames_removed
  File "/opt/airflow/dags/example_dags.py", line 5, in <module>
    from utils.ingest import main as ingest
  File "/opt/airflow/dags/utils/ingest.py", line 2, in <module>
    import pysftp
ModuleNotFoundError: No module named 'pysftp'
[2024-06-30T02:18:12.781+0000] {processor.py:838} WARNING - No viable dags retrieved from /opt/airflow/dags/example_dags.py
[2024-06-30T02:18:13.196+0000] {processor.py:179} INFO - Processing /opt/airflow/dags/example_dags.py took 1.093 seconds
[2024-06-30T02:18:43.770+0000] {processor.py:157} INFO - Started process (PID=215) to work on /opt/airflow/dags/example_dags.py
[2024-06-30T02:18:43.774+0000] {processor.py:826} INFO - Processing file /opt/airflow/dags/example_dags.py for tasks to queue
[2024-06-30T02:18:43.777+0000] {logging_mixin.py:150} INFO - [2024-06-30T02:18:43.776+0000] {dagbag.py:541} INFO - Filling up the DagBag from /opt/airflow/dags/example_dags.py
[2024-06-30T02:18:43.815+0000] {logging_mixin.py:150} INFO - [2024-06-30T02:18:43.811+0000] {dagbag.py:350} ERROR - Failed to import: /opt/airflow/dags/example_dags.py
Traceback (most recent call last):
  File "/home/airflow/.local/lib/python3.7/site-packages/airflow/models/dagbag.py", line 346, in parse
    loader.exec_module(new_module)
  File "<frozen importlib._bootstrap_external>", line 728, in exec_module
  File "<frozen importlib._bootstrap>", line 219, in _call_with_frames_removed
  File "/opt/airflow/dags/example_dags.py", line 5, in <module>
    from utils.ingest import main as ingest
  File "/opt/airflow/dags/utils/ingest.py", line 2, in <module>
    import pysftp
ModuleNotFoundError: No module named 'pysftp'
[2024-06-30T02:18:43.817+0000] {processor.py:838} WARNING - No viable dags retrieved from /opt/airflow/dags/example_dags.py
[2024-06-30T02:18:44.034+0000] {processor.py:179} INFO - Processing /opt/airflow/dags/example_dags.py took 0.305 seconds
[2024-06-30T02:19:14.214+0000] {processor.py:157} INFO - Started process (PID=220) to work on /opt/airflow/dags/example_dags.py
[2024-06-30T02:19:14.217+0000] {processor.py:826} INFO - Processing file /opt/airflow/dags/example_dags.py for tasks to queue
[2024-06-30T02:19:14.219+0000] {logging_mixin.py:150} INFO - [2024-06-30T02:19:14.219+0000] {dagbag.py:541} INFO - Filling up the DagBag from /opt/airflow/dags/example_dags.py
[2024-06-30T02:19:14.250+0000] {logging_mixin.py:150} INFO - [2024-06-30T02:19:14.245+0000] {dagbag.py:350} ERROR - Failed to import: /opt/airflow/dags/example_dags.py
Traceback (most recent call last):
  File "/home/airflow/.local/lib/python3.7/site-packages/airflow/models/dagbag.py", line 346, in parse
    loader.exec_module(new_module)
  File "<frozen importlib._bootstrap_external>", line 728, in exec_module
  File "<frozen importlib._bootstrap>", line 219, in _call_with_frames_removed
  File "/opt/airflow/dags/example_dags.py", line 5, in <module>
    from utils.ingest import main as ingest
  File "/opt/airflow/dags/utils/ingest.py", line 2, in <module>
    import pysftp
ModuleNotFoundError: No module named 'pysftp'
[2024-06-30T02:19:14.253+0000] {processor.py:838} WARNING - No viable dags retrieved from /opt/airflow/dags/example_dags.py
[2024-06-30T02:19:14.297+0000] {processor.py:179} INFO - Processing /opt/airflow/dags/example_dags.py took 0.090 seconds
[2024-06-30T02:19:44.754+0000] {processor.py:157} INFO - Started process (PID=225) to work on /opt/airflow/dags/example_dags.py
[2024-06-30T02:19:44.760+0000] {processor.py:826} INFO - Processing file /opt/airflow/dags/example_dags.py for tasks to queue
[2024-06-30T02:19:44.763+0000] {logging_mixin.py:150} INFO - [2024-06-30T02:19:44.762+0000] {dagbag.py:541} INFO - Filling up the DagBag from /opt/airflow/dags/example_dags.py
[2024-06-30T02:19:44.812+0000] {logging_mixin.py:150} INFO - [2024-06-30T02:19:44.807+0000] {dagbag.py:350} ERROR - Failed to import: /opt/airflow/dags/example_dags.py
Traceback (most recent call last):
  File "/home/airflow/.local/lib/python3.7/site-packages/airflow/models/dagbag.py", line 346, in parse
    loader.exec_module(new_module)
  File "<frozen importlib._bootstrap_external>", line 728, in exec_module
  File "<frozen importlib._bootstrap>", line 219, in _call_with_frames_removed
  File "/opt/airflow/dags/example_dags.py", line 5, in <module>
    from utils.ingest import main as ingest
  File "/opt/airflow/dags/utils/ingest.py", line 2, in <module>
    import pysftp
ModuleNotFoundError: No module named 'pysftp'
[2024-06-30T02:19:44.815+0000] {processor.py:838} WARNING - No viable dags retrieved from /opt/airflow/dags/example_dags.py
[2024-06-30T02:19:44.951+0000] {processor.py:179} INFO - Processing /opt/airflow/dags/example_dags.py took 0.212 seconds
[2024-06-30T02:20:15.286+0000] {processor.py:157} INFO - Started process (PID=230) to work on /opt/airflow/dags/example_dags.py
[2024-06-30T02:20:15.295+0000] {processor.py:826} INFO - Processing file /opt/airflow/dags/example_dags.py for tasks to queue
[2024-06-30T02:20:15.328+0000] {logging_mixin.py:150} INFO - [2024-06-30T02:20:15.316+0000] {dagbag.py:541} INFO - Filling up the DagBag from /opt/airflow/dags/example_dags.py
[2024-06-30T02:20:15.639+0000] {logging_mixin.py:150} INFO - [2024-06-30T02:20:15.627+0000] {dagbag.py:350} ERROR - Failed to import: /opt/airflow/dags/example_dags.py
Traceback (most recent call last):
  File "/home/airflow/.local/lib/python3.7/site-packages/airflow/models/dagbag.py", line 346, in parse
    loader.exec_module(new_module)
  File "<frozen importlib._bootstrap_external>", line 728, in exec_module
  File "<frozen importlib._bootstrap>", line 219, in _call_with_frames_removed
  File "/opt/airflow/dags/example_dags.py", line 5, in <module>
    from utils.ingest import main as ingest
  File "/opt/airflow/dags/utils/ingest.py", line 2, in <module>
    import pysftp
ModuleNotFoundError: No module named 'pysftp'
[2024-06-30T02:20:15.651+0000] {processor.py:838} WARNING - No viable dags retrieved from /opt/airflow/dags/example_dags.py
[2024-06-30T02:20:15.869+0000] {processor.py:179} INFO - Processing /opt/airflow/dags/example_dags.py took 0.599 seconds
[2024-06-30T02:20:46.194+0000] {processor.py:157} INFO - Started process (PID=235) to work on /opt/airflow/dags/example_dags.py
[2024-06-30T02:20:46.198+0000] {processor.py:826} INFO - Processing file /opt/airflow/dags/example_dags.py for tasks to queue
[2024-06-30T02:20:46.202+0000] {logging_mixin.py:150} INFO - [2024-06-30T02:20:46.201+0000] {dagbag.py:541} INFO - Filling up the DagBag from /opt/airflow/dags/example_dags.py
[2024-06-30T02:20:46.253+0000] {logging_mixin.py:150} INFO - [2024-06-30T02:20:46.241+0000] {dagbag.py:350} ERROR - Failed to import: /opt/airflow/dags/example_dags.py
Traceback (most recent call last):
  File "/home/airflow/.local/lib/python3.7/site-packages/airflow/models/dagbag.py", line 346, in parse
    loader.exec_module(new_module)
  File "<frozen importlib._bootstrap_external>", line 728, in exec_module
  File "<frozen importlib._bootstrap>", line 219, in _call_with_frames_removed
  File "/opt/airflow/dags/example_dags.py", line 5, in <module>
    from utils.ingest import main as ingest
  File "/opt/airflow/dags/utils/ingest.py", line 2, in <module>
    import pysftp
ModuleNotFoundError: No module named 'pysftp'
[2024-06-30T02:20:46.257+0000] {processor.py:838} WARNING - No viable dags retrieved from /opt/airflow/dags/example_dags.py
[2024-06-30T02:20:46.338+0000] {processor.py:179} INFO - Processing /opt/airflow/dags/example_dags.py took 0.156 seconds
[2024-06-30T02:24:16.239+0000] {processor.py:157} INFO - Started process (PID=162) to work on /opt/airflow/dags/example_dags.py
[2024-06-30T02:24:16.286+0000] {processor.py:826} INFO - Processing file /opt/airflow/dags/example_dags.py for tasks to queue
[2024-06-30T02:24:16.302+0000] {logging_mixin.py:150} INFO - [2024-06-30T02:24:16.301+0000] {dagbag.py:541} INFO - Filling up the DagBag from /opt/airflow/dags/example_dags.py
[2024-06-30T02:24:22.336+0000] {logging_mixin.py:150} WARNING - /home/airflow/.local/lib/python3.7/site-packages/pysftp/__init__.py:61 UserWarning: Failed to load HostKeys from /home/airflow/.ssh/known_hosts.  You will need to explicitly load HostKeys (cnopts.hostkeys.load(filename)) or disableHostKey checking (cnopts.hostkeys = None).
[2024-06-30T02:24:22.347+0000] {logging_mixin.py:150} INFO - [2024-06-30T02:24:22.342+0000] {dagbag.py:350} ERROR - Failed to import: /opt/airflow/dags/example_dags.py
Traceback (most recent call last):
  File "/home/airflow/.local/lib/python3.7/site-packages/airflow/models/dagbag.py", line 346, in parse
    loader.exec_module(new_module)
  File "<frozen importlib._bootstrap_external>", line 728, in exec_module
  File "<frozen importlib._bootstrap>", line 219, in _call_with_frames_removed
  File "/opt/airflow/dags/example_dags.py", line 6, in <module>
    from utils.report import main as report
  File "/opt/airflow/dags/utils/report.py", line 5, in <module>
    import schedule
ModuleNotFoundError: No module named 'schedule'
[2024-06-30T02:24:22.349+0000] {processor.py:838} WARNING - No viable dags retrieved from /opt/airflow/dags/example_dags.py
[2024-06-30T02:24:22.407+0000] {processor.py:179} INFO - Processing /opt/airflow/dags/example_dags.py took 6.182 seconds
[2024-06-30T02:24:52.864+0000] {processor.py:157} INFO - Started process (PID=176) to work on /opt/airflow/dags/example_dags.py
[2024-06-30T02:24:52.868+0000] {processor.py:826} INFO - Processing file /opt/airflow/dags/example_dags.py for tasks to queue
[2024-06-30T02:24:52.872+0000] {logging_mixin.py:150} INFO - [2024-06-30T02:24:52.870+0000] {dagbag.py:541} INFO - Filling up the DagBag from /opt/airflow/dags/example_dags.py
[2024-06-30T02:24:54.508+0000] {logging_mixin.py:150} WARNING - /home/airflow/.local/lib/python3.7/site-packages/pysftp/__init__.py:61 UserWarning: Failed to load HostKeys from /home/airflow/.ssh/known_hosts.  You will need to explicitly load HostKeys (cnopts.hostkeys.load(filename)) or disableHostKey checking (cnopts.hostkeys = None).
[2024-06-30T02:24:54.524+0000] {logging_mixin.py:150} INFO - [2024-06-30T02:24:54.514+0000] {dagbag.py:350} ERROR - Failed to import: /opt/airflow/dags/example_dags.py
Traceback (most recent call last):
  File "/home/airflow/.local/lib/python3.7/site-packages/airflow/models/dagbag.py", line 346, in parse
    loader.exec_module(new_module)
  File "<frozen importlib._bootstrap_external>", line 728, in exec_module
  File "<frozen importlib._bootstrap>", line 219, in _call_with_frames_removed
  File "/opt/airflow/dags/example_dags.py", line 6, in <module>
    from utils.report import main as report
  File "/opt/airflow/dags/utils/report.py", line 5, in <module>
    import schedule
ModuleNotFoundError: No module named 'schedule'
[2024-06-30T02:24:54.527+0000] {processor.py:838} WARNING - No viable dags retrieved from /opt/airflow/dags/example_dags.py
[2024-06-30T02:24:54.602+0000] {processor.py:179} INFO - Processing /opt/airflow/dags/example_dags.py took 1.754 seconds
[2024-06-30T02:25:25.085+0000] {processor.py:157} INFO - Started process (PID=189) to work on /opt/airflow/dags/example_dags.py
[2024-06-30T02:25:25.098+0000] {processor.py:826} INFO - Processing file /opt/airflow/dags/example_dags.py for tasks to queue
[2024-06-30T02:25:25.107+0000] {logging_mixin.py:150} INFO - [2024-06-30T02:25:25.106+0000] {dagbag.py:541} INFO - Filling up the DagBag from /opt/airflow/dags/example_dags.py
[2024-06-30T02:25:41.044+0000] {logging_mixin.py:150} WARNING - /home/airflow/.local/lib/python3.7/site-packages/pysftp/__init__.py:61 UserWarning: Failed to load HostKeys from /home/airflow/.ssh/known_hosts.  You will need to explicitly load HostKeys (cnopts.hostkeys.load(filename)) or disableHostKey checking (cnopts.hostkeys = None).
[2024-06-30T02:25:41.181+0000] {logging_mixin.py:150} INFO - [2024-06-30T02:25:41.075+0000] {dagbag.py:350} ERROR - Failed to import: /opt/airflow/dags/example_dags.py
Traceback (most recent call last):
  File "/home/airflow/.local/lib/python3.7/site-packages/airflow/models/dagbag.py", line 346, in parse
    loader.exec_module(new_module)
  File "<frozen importlib._bootstrap_external>", line 728, in exec_module
  File "<frozen importlib._bootstrap>", line 219, in _call_with_frames_removed
  File "/opt/airflow/dags/example_dags.py", line 6, in <module>
    from utils.report import main as report
  File "/opt/airflow/dags/utils/report.py", line 5, in <module>
    import schedule
ModuleNotFoundError: No module named 'schedule'
[2024-06-30T02:25:41.210+0000] {processor.py:838} WARNING - No viable dags retrieved from /opt/airflow/dags/example_dags.py
[2024-06-30T02:25:42.107+0000] {processor.py:179} INFO - Processing /opt/airflow/dags/example_dags.py took 16.994 seconds
[2024-06-30T02:27:03.296+0000] {processor.py:157} INFO - Started process (PID=162) to work on /opt/airflow/dags/example_dags.py
[2024-06-30T02:27:03.299+0000] {processor.py:826} INFO - Processing file /opt/airflow/dags/example_dags.py for tasks to queue
[2024-06-30T02:27:03.303+0000] {logging_mixin.py:150} INFO - [2024-06-30T02:27:03.302+0000] {dagbag.py:541} INFO - Filling up the DagBag from /opt/airflow/dags/example_dags.py
[2024-06-30T02:27:09.638+0000] {logging_mixin.py:150} WARNING - /home/airflow/.local/lib/python3.7/site-packages/pysftp/__init__.py:61 UserWarning: Failed to load HostKeys from /home/airflow/.ssh/known_hosts.  You will need to explicitly load HostKeys (cnopts.hostkeys.load(filename)) or disableHostKey checking (cnopts.hostkeys = None).
[2024-06-30T02:27:09.647+0000] {logging_mixin.py:150} INFO - [2024-06-30T02:27:09.644+0000] {dagbag.py:350} ERROR - Failed to import: /opt/airflow/dags/example_dags.py
Traceback (most recent call last):
  File "/home/airflow/.local/lib/python3.7/site-packages/airflow/models/dagbag.py", line 346, in parse
    loader.exec_module(new_module)
  File "<frozen importlib._bootstrap_external>", line 728, in exec_module
  File "<frozen importlib._bootstrap>", line 219, in _call_with_frames_removed
  File "/opt/airflow/dags/example_dags.py", line 6, in <module>
    from utils.report import main as report
ImportError: cannot import name 'main' from 'utils.report' (/opt/airflow/dags/utils/report.py)
[2024-06-30T02:27:09.649+0000] {processor.py:838} WARNING - No viable dags retrieved from /opt/airflow/dags/example_dags.py
[2024-06-30T02:27:09.697+0000] {processor.py:179} INFO - Processing /opt/airflow/dags/example_dags.py took 6.399 seconds
[2024-06-30T02:27:40.046+0000] {processor.py:157} INFO - Started process (PID=176) to work on /opt/airflow/dags/example_dags.py
[2024-06-30T02:27:40.048+0000] {processor.py:826} INFO - Processing file /opt/airflow/dags/example_dags.py for tasks to queue
[2024-06-30T02:27:40.052+0000] {logging_mixin.py:150} INFO - [2024-06-30T02:27:40.050+0000] {dagbag.py:541} INFO - Filling up the DagBag from /opt/airflow/dags/example_dags.py
[2024-06-30T02:27:43.324+0000] {logging_mixin.py:150} WARNING - /home/airflow/.local/lib/python3.7/site-packages/pysftp/__init__.py:61 UserWarning: Failed to load HostKeys from /home/airflow/.ssh/known_hosts.  You will need to explicitly load HostKeys (cnopts.hostkeys.load(filename)) or disableHostKey checking (cnopts.hostkeys = None).
[2024-06-30T02:27:43.378+0000] {logging_mixin.py:150} INFO - [2024-06-30T02:27:43.350+0000] {dagbag.py:350} ERROR - Failed to import: /opt/airflow/dags/example_dags.py
Traceback (most recent call last):
  File "/home/airflow/.local/lib/python3.7/site-packages/airflow/models/dagbag.py", line 346, in parse
    loader.exec_module(new_module)
  File "<frozen importlib._bootstrap_external>", line 728, in exec_module
  File "<frozen importlib._bootstrap>", line 219, in _call_with_frames_removed
  File "/opt/airflow/dags/example_dags.py", line 6, in <module>
    from utils.report import main as report
ImportError: cannot import name 'main' from 'utils.report' (/opt/airflow/dags/utils/report.py)
[2024-06-30T02:27:43.383+0000] {processor.py:838} WARNING - No viable dags retrieved from /opt/airflow/dags/example_dags.py
[2024-06-30T02:27:43.502+0000] {processor.py:179} INFO - Processing /opt/airflow/dags/example_dags.py took 3.463 seconds
[2024-06-30T02:28:13.796+0000] {processor.py:157} INFO - Started process (PID=189) to work on /opt/airflow/dags/example_dags.py
[2024-06-30T02:28:13.811+0000] {processor.py:826} INFO - Processing file /opt/airflow/dags/example_dags.py for tasks to queue
[2024-06-30T02:28:13.817+0000] {logging_mixin.py:150} INFO - [2024-06-30T02:28:13.815+0000] {dagbag.py:541} INFO - Filling up the DagBag from /opt/airflow/dags/example_dags.py
[2024-06-30T02:28:16.997+0000] {logging_mixin.py:150} WARNING - /home/airflow/.local/lib/python3.7/site-packages/pysftp/__init__.py:61 UserWarning: Failed to load HostKeys from /home/airflow/.ssh/known_hosts.  You will need to explicitly load HostKeys (cnopts.hostkeys.load(filename)) or disableHostKey checking (cnopts.hostkeys = None).
[2024-06-30T02:28:17.075+0000] {logging_mixin.py:150} INFO - [2024-06-30T02:28:17.049+0000] {dagbag.py:350} ERROR - Failed to import: /opt/airflow/dags/example_dags.py
Traceback (most recent call last):
  File "/home/airflow/.local/lib/python3.7/site-packages/airflow/models/dagbag.py", line 346, in parse
    loader.exec_module(new_module)
  File "<frozen importlib._bootstrap_external>", line 728, in exec_module
  File "<frozen importlib._bootstrap>", line 219, in _call_with_frames_removed
  File "/opt/airflow/dags/example_dags.py", line 6, in <module>
    from utils.report import main as report
ImportError: cannot import name 'main' from 'utils.report' (/opt/airflow/dags/utils/report.py)
[2024-06-30T02:28:17.101+0000] {processor.py:838} WARNING - No viable dags retrieved from /opt/airflow/dags/example_dags.py
[2024-06-30T02:28:17.180+0000] {processor.py:179} INFO - Processing /opt/airflow/dags/example_dags.py took 3.395 seconds
[2024-06-30T02:28:29.428+0000] {processor.py:157} INFO - Started process (PID=202) to work on /opt/airflow/dags/example_dags.py
[2024-06-30T02:28:29.439+0000] {processor.py:826} INFO - Processing file /opt/airflow/dags/example_dags.py for tasks to queue
[2024-06-30T02:28:29.463+0000] {logging_mixin.py:150} INFO - [2024-06-30T02:28:29.447+0000] {dagbag.py:541} INFO - Filling up the DagBag from /opt/airflow/dags/example_dags.py
[2024-06-30T02:30:27.703+0000] {processor.py:157} INFO - Started process (PID=163) to work on /opt/airflow/dags/example_dags.py
[2024-06-30T02:30:27.706+0000] {processor.py:826} INFO - Processing file /opt/airflow/dags/example_dags.py for tasks to queue
[2024-06-30T02:30:27.710+0000] {logging_mixin.py:150} INFO - [2024-06-30T02:30:27.709+0000] {dagbag.py:541} INFO - Filling up the DagBag from /opt/airflow/dags/example_dags.py
[2024-06-30T02:30:35.828+0000] {logging_mixin.py:150} WARNING - /home/airflow/.local/lib/python3.7/site-packages/pysftp/__init__.py:61 UserWarning: Failed to load HostKeys from /home/airflow/.ssh/known_hosts.  You will need to explicitly load HostKeys (cnopts.hostkeys.load(filename)) or disableHostKey checking (cnopts.hostkeys = None).
[2024-06-30T02:30:35.874+0000] {processor.py:836} INFO - DAG(s) dict_keys(['example_dag']) retrieved from /opt/airflow/dags/example_dags.py
[2024-06-30T02:30:35.993+0000] {logging_mixin.py:150} INFO - [2024-06-30T02:30:35.992+0000] {dag.py:2742} INFO - Sync 1 DAGs
[2024-06-30T02:30:36.129+0000] {logging_mixin.py:150} INFO - [2024-06-30T02:30:36.129+0000] {dag.py:3508} INFO - Setting next_dagrun for example_dag to 2024-06-29T02:30:36.128681+00:00, run_after=2024-06-30T02:30:36.128681+00:00
[2024-06-30T02:30:36.248+0000] {processor.py:179} INFO - Processing /opt/airflow/dags/example_dags.py took 8.556 seconds
[2024-06-30T02:31:07.205+0000] {processor.py:157} INFO - Started process (PID=177) to work on /opt/airflow/dags/example_dags.py
[2024-06-30T02:31:07.210+0000] {processor.py:826} INFO - Processing file /opt/airflow/dags/example_dags.py for tasks to queue
[2024-06-30T02:31:07.214+0000] {logging_mixin.py:150} INFO - [2024-06-30T02:31:07.212+0000] {dagbag.py:541} INFO - Filling up the DagBag from /opt/airflow/dags/example_dags.py
[2024-06-30T02:31:12.832+0000] {logging_mixin.py:150} WARNING - /home/airflow/.local/lib/python3.7/site-packages/pysftp/__init__.py:61 UserWarning: Failed to load HostKeys from /home/airflow/.ssh/known_hosts.  You will need to explicitly load HostKeys (cnopts.hostkeys.load(filename)) or disableHostKey checking (cnopts.hostkeys = None).
[2024-06-30T02:31:12.907+0000] {processor.py:836} INFO - DAG(s) dict_keys(['example_dag']) retrieved from /opt/airflow/dags/example_dags.py
[2024-06-30T02:31:13.180+0000] {logging_mixin.py:150} INFO - [2024-06-30T02:31:13.179+0000] {dag.py:2742} INFO - Sync 1 DAGs
[2024-06-30T02:31:13.511+0000] {logging_mixin.py:150} INFO - [2024-06-30T02:31:13.510+0000] {dag.py:3508} INFO - Setting next_dagrun for example_dag to 2024-06-29T02:31:13.507020+00:00, run_after=2024-06-30T02:31:13.507020+00:00
[2024-06-30T02:31:13.658+0000] {processor.py:179} INFO - Processing /opt/airflow/dags/example_dags.py took 6.469 seconds
[2024-06-30T02:31:43.911+0000] {processor.py:157} INFO - Started process (PID=200) to work on /opt/airflow/dags/example_dags.py
[2024-06-30T02:31:43.915+0000] {processor.py:826} INFO - Processing file /opt/airflow/dags/example_dags.py for tasks to queue
[2024-06-30T02:31:43.926+0000] {logging_mixin.py:150} INFO - [2024-06-30T02:31:43.918+0000] {dagbag.py:541} INFO - Filling up the DagBag from /opt/airflow/dags/example_dags.py
[2024-06-30T02:31:46.833+0000] {logging_mixin.py:150} WARNING - /home/airflow/.local/lib/python3.7/site-packages/pysftp/__init__.py:61 UserWarning: Failed to load HostKeys from /home/airflow/.ssh/known_hosts.  You will need to explicitly load HostKeys (cnopts.hostkeys.load(filename)) or disableHostKey checking (cnopts.hostkeys = None).
[2024-06-30T02:31:46.914+0000] {processor.py:836} INFO - DAG(s) dict_keys(['example_dag']) retrieved from /opt/airflow/dags/example_dags.py
[2024-06-30T02:31:47.280+0000] {logging_mixin.py:150} INFO - [2024-06-30T02:31:47.278+0000] {dag.py:2742} INFO - Sync 1 DAGs
[2024-06-30T02:31:47.476+0000] {logging_mixin.py:150} INFO - [2024-06-30T02:31:47.476+0000] {dag.py:3508} INFO - Setting next_dagrun for example_dag to 2024-06-29T02:31:47.475124+00:00, run_after=2024-06-30T02:31:47.475124+00:00
[2024-06-30T02:31:47.580+0000] {processor.py:179} INFO - Processing /opt/airflow/dags/example_dags.py took 3.686 seconds
[2024-06-30T02:32:18.628+0000] {processor.py:157} INFO - Started process (PID=218) to work on /opt/airflow/dags/example_dags.py
[2024-06-30T02:32:18.633+0000] {processor.py:826} INFO - Processing file /opt/airflow/dags/example_dags.py for tasks to queue
[2024-06-30T02:32:18.637+0000] {logging_mixin.py:150} INFO - [2024-06-30T02:32:18.636+0000] {dagbag.py:541} INFO - Filling up the DagBag from /opt/airflow/dags/example_dags.py
[2024-06-30T02:32:23.820+0000] {logging_mixin.py:150} WARNING - /home/airflow/.local/lib/python3.7/site-packages/pysftp/__init__.py:61 UserWarning: Failed to load HostKeys from /home/airflow/.ssh/known_hosts.  You will need to explicitly load HostKeys (cnopts.hostkeys.load(filename)) or disableHostKey checking (cnopts.hostkeys = None).
[2024-06-30T02:32:23.866+0000] {processor.py:836} INFO - DAG(s) dict_keys(['example_dag']) retrieved from /opt/airflow/dags/example_dags.py
[2024-06-30T02:32:24.033+0000] {logging_mixin.py:150} INFO - [2024-06-30T02:32:24.030+0000] {dag.py:2742} INFO - Sync 1 DAGs
[2024-06-30T02:32:24.332+0000] {logging_mixin.py:150} INFO - [2024-06-30T02:32:24.330+0000] {dag.py:3508} INFO - Setting next_dagrun for example_dag to 2024-06-29T02:32:24.327659+00:00, run_after=2024-06-30T02:32:24.327659+00:00
[2024-06-30T02:32:24.520+0000] {processor.py:179} INFO - Processing /opt/airflow/dags/example_dags.py took 5.915 seconds
[2024-06-30T02:32:55.275+0000] {processor.py:157} INFO - Started process (PID=231) to work on /opt/airflow/dags/example_dags.py
[2024-06-30T02:32:55.279+0000] {processor.py:826} INFO - Processing file /opt/airflow/dags/example_dags.py for tasks to queue
[2024-06-30T02:32:55.283+0000] {logging_mixin.py:150} INFO - [2024-06-30T02:32:55.282+0000] {dagbag.py:541} INFO - Filling up the DagBag from /opt/airflow/dags/example_dags.py
[2024-06-30T02:32:57.299+0000] {logging_mixin.py:150} WARNING - /home/airflow/.local/lib/python3.7/site-packages/pysftp/__init__.py:61 UserWarning: Failed to load HostKeys from /home/airflow/.ssh/known_hosts.  You will need to explicitly load HostKeys (cnopts.hostkeys.load(filename)) or disableHostKey checking (cnopts.hostkeys = None).
[2024-06-30T02:32:57.331+0000] {processor.py:836} INFO - DAG(s) dict_keys(['example_dag']) retrieved from /opt/airflow/dags/example_dags.py
[2024-06-30T02:32:57.457+0000] {logging_mixin.py:150} INFO - [2024-06-30T02:32:57.456+0000] {dag.py:2742} INFO - Sync 1 DAGs
[2024-06-30T02:32:57.603+0000] {logging_mixin.py:150} INFO - [2024-06-30T02:32:57.602+0000] {dag.py:3508} INFO - Setting next_dagrun for example_dag to 2024-06-29T02:32:57.600741+00:00, run_after=2024-06-30T02:32:57.600741+00:00
[2024-06-30T02:32:57.671+0000] {processor.py:179} INFO - Processing /opt/airflow/dags/example_dags.py took 2.411 seconds
[2024-06-30T02:33:28.002+0000] {processor.py:157} INFO - Started process (PID=244) to work on /opt/airflow/dags/example_dags.py
[2024-06-30T02:33:28.014+0000] {processor.py:826} INFO - Processing file /opt/airflow/dags/example_dags.py for tasks to queue
[2024-06-30T02:33:28.021+0000] {logging_mixin.py:150} INFO - [2024-06-30T02:33:28.020+0000] {dagbag.py:541} INFO - Filling up the DagBag from /opt/airflow/dags/example_dags.py
[2024-06-30T02:33:39.366+0000] {logging_mixin.py:150} WARNING - /home/airflow/.local/lib/python3.7/site-packages/pysftp/__init__.py:61 UserWarning: Failed to load HostKeys from /home/airflow/.ssh/known_hosts.  You will need to explicitly load HostKeys (cnopts.hostkeys.load(filename)) or disableHostKey checking (cnopts.hostkeys = None).
[2024-06-30T02:33:39.557+0000] {processor.py:836} INFO - DAG(s) dict_keys(['example_dag']) retrieved from /opt/airflow/dags/example_dags.py
[2024-06-30T02:33:40.076+0000] {logging_mixin.py:150} INFO - [2024-06-30T02:33:40.073+0000] {dag.py:2742} INFO - Sync 1 DAGs
[2024-06-30T02:33:40.791+0000] {logging_mixin.py:150} INFO - [2024-06-30T02:33:40.790+0000] {dag.py:3508} INFO - Setting next_dagrun for example_dag to 2024-06-30T02:32:57.600741+00:00, run_after=2024-07-01T02:32:57.600741+00:00
[2024-06-30T02:33:41.020+0000] {processor.py:179} INFO - Processing /opt/airflow/dags/example_dags.py took 13.134 seconds
[2024-06-30T02:34:12.417+0000] {processor.py:157} INFO - Started process (PID=269) to work on /opt/airflow/dags/example_dags.py
[2024-06-30T02:34:12.423+0000] {processor.py:826} INFO - Processing file /opt/airflow/dags/example_dags.py for tasks to queue
[2024-06-30T02:34:12.432+0000] {logging_mixin.py:150} INFO - [2024-06-30T02:34:12.431+0000] {dagbag.py:541} INFO - Filling up the DagBag from /opt/airflow/dags/example_dags.py
[2024-06-30T02:34:15.834+0000] {logging_mixin.py:150} WARNING - /home/airflow/.local/lib/python3.7/site-packages/pysftp/__init__.py:61 UserWarning: Failed to load HostKeys from /home/airflow/.ssh/known_hosts.  You will need to explicitly load HostKeys (cnopts.hostkeys.load(filename)) or disableHostKey checking (cnopts.hostkeys = None).
[2024-06-30T02:34:15.885+0000] {processor.py:836} INFO - DAG(s) dict_keys(['example_dag']) retrieved from /opt/airflow/dags/example_dags.py
[2024-06-30T02:34:16.051+0000] {logging_mixin.py:150} INFO - [2024-06-30T02:34:16.049+0000] {dag.py:2742} INFO - Sync 1 DAGs
[2024-06-30T02:34:16.195+0000] {logging_mixin.py:150} INFO - [2024-06-30T02:34:16.195+0000] {dag.py:3508} INFO - Setting next_dagrun for example_dag to 2024-06-30T02:32:57.600741+00:00, run_after=2024-07-01T02:32:57.600741+00:00
[2024-06-30T02:34:16.293+0000] {processor.py:179} INFO - Processing /opt/airflow/dags/example_dags.py took 3.950 seconds
[2024-06-30T02:34:46.935+0000] {processor.py:157} INFO - Started process (PID=316) to work on /opt/airflow/dags/example_dags.py
[2024-06-30T02:34:46.953+0000] {processor.py:826} INFO - Processing file /opt/airflow/dags/example_dags.py for tasks to queue
[2024-06-30T02:34:46.963+0000] {logging_mixin.py:150} INFO - [2024-06-30T02:34:46.962+0000] {dagbag.py:541} INFO - Filling up the DagBag from /opt/airflow/dags/example_dags.py
[2024-06-30T02:34:49.333+0000] {logging_mixin.py:150} WARNING - /home/airflow/.local/lib/python3.7/site-packages/pysftp/__init__.py:61 UserWarning: Failed to load HostKeys from /home/airflow/.ssh/known_hosts.  You will need to explicitly load HostKeys (cnopts.hostkeys.load(filename)) or disableHostKey checking (cnopts.hostkeys = None).
[2024-06-30T02:34:49.389+0000] {processor.py:836} INFO - DAG(s) dict_keys(['example_dag']) retrieved from /opt/airflow/dags/example_dags.py
[2024-06-30T02:34:49.591+0000] {logging_mixin.py:150} INFO - [2024-06-30T02:34:49.589+0000] {dag.py:2742} INFO - Sync 1 DAGs
[2024-06-30T02:34:49.844+0000] {logging_mixin.py:150} INFO - [2024-06-30T02:34:49.843+0000] {dag.py:3508} INFO - Setting next_dagrun for example_dag to 2024-06-30T02:32:57.600741+00:00, run_after=2024-07-01T02:32:57.600741+00:00
[2024-06-30T02:34:49.926+0000] {processor.py:179} INFO - Processing /opt/airflow/dags/example_dags.py took 3.009 seconds
[2024-06-30T02:35:20.287+0000] {processor.py:157} INFO - Started process (PID=338) to work on /opt/airflow/dags/example_dags.py
[2024-06-30T02:35:20.289+0000] {processor.py:826} INFO - Processing file /opt/airflow/dags/example_dags.py for tasks to queue
[2024-06-30T02:35:20.291+0000] {logging_mixin.py:150} INFO - [2024-06-30T02:35:20.291+0000] {dagbag.py:541} INFO - Filling up the DagBag from /opt/airflow/dags/example_dags.py
[2024-06-30T02:35:22.487+0000] {logging_mixin.py:150} WARNING - /home/airflow/.local/lib/python3.7/site-packages/pysftp/__init__.py:61 UserWarning: Failed to load HostKeys from /home/airflow/.ssh/known_hosts.  You will need to explicitly load HostKeys (cnopts.hostkeys.load(filename)) or disableHostKey checking (cnopts.hostkeys = None).
[2024-06-30T02:35:22.513+0000] {processor.py:836} INFO - DAG(s) dict_keys(['example_dag']) retrieved from /opt/airflow/dags/example_dags.py
[2024-06-30T02:35:22.688+0000] {logging_mixin.py:150} INFO - [2024-06-30T02:35:22.687+0000] {dag.py:2742} INFO - Sync 1 DAGs
[2024-06-30T02:35:22.806+0000] {logging_mixin.py:150} INFO - [2024-06-30T02:35:22.805+0000] {dag.py:3508} INFO - Setting next_dagrun for example_dag to 2024-06-30T02:32:57.600741+00:00, run_after=2024-07-01T02:32:57.600741+00:00
[2024-06-30T02:35:22.857+0000] {processor.py:179} INFO - Processing /opt/airflow/dags/example_dags.py took 2.576 seconds
