[2024-06-30T02:35:20.261+0000] {logging_mixin.py:150} WARNING - /home/***/.local/lib/python3.7/site-packages/***/utils/sqlalchemy.py:124 DeprecationWarning: The sql_alchemy_conn option in [core] has been moved to the sql_alchemy_conn option in [database] - the old setting has been used, but please update your config.
[2024-06-30T02:35:20.292+0000] {taskinstance.py:1103} INFO - Dependencies all met for dep_context=non-requeueable deps ti=<TaskInstance: example_dag.report_task scheduled__2024-06-29T02:32:57.600741+00:00 [queued]>
[2024-06-30T02:35:20.339+0000] {taskinstance.py:1103} INFO - Dependencies all met for dep_context=requeueable deps ti=<TaskInstance: example_dag.report_task scheduled__2024-06-29T02:32:57.600741+00:00 [queued]>
[2024-06-30T02:35:20.347+0000] {taskinstance.py:1308} INFO - Starting attempt 2 of 3
[2024-06-30T02:35:20.395+0000] {taskinstance.py:1327} INFO - Executing <Task(PythonOperator): report_task> on 2024-06-29 02:32:57.600741+00:00
[2024-06-30T02:35:20.408+0000] {standard_task_runner.py:57} INFO - Started process 341 to run task
[2024-06-30T02:35:20.418+0000] {standard_task_runner.py:84} INFO - Running: ['***', 'tasks', 'run', 'example_dag', 'report_task', 'scheduled__2024-06-29T02:32:57.600741+00:00', '--job-id', '16', '--raw', '--subdir', 'DAGS_FOLDER/example_dags.py', '--cfg-path', '/tmp/tmp8i4b3s9l']
[2024-06-30T02:35:20.433+0000] {standard_task_runner.py:85} INFO - Job 16: Subtask report_task
[2024-06-30T02:35:20.471+0000] {logging_mixin.py:150} WARNING - /home/***/.local/lib/python3.7/site-packages/***/settings.py:195 DeprecationWarning: The sql_alchemy_conn option in [core] has been moved to the sql_alchemy_conn option in [database] - the old setting has been used, but please update your config.
[2024-06-30T02:35:20.720+0000] {task_command.py:410} INFO - Running <TaskInstance: example_dag.report_task scheduled__2024-06-29T02:32:57.600741+00:00 [running]> on host a6e3ed8ccea2
[2024-06-30T02:35:20.823+0000] {logging_mixin.py:150} WARNING - /home/***/.local/lib/python3.7/site-packages/***/utils/sqlalchemy.py:124 DeprecationWarning: The sql_alchemy_conn option in [core] has been moved to the sql_alchemy_conn option in [database] - the old setting has been used, but please update your config.
[2024-06-30T02:35:21.447+0000] {taskinstance.py:1547} INFO - Exporting env vars: AIRFLOW_CTX_DAG_OWNER='***' AIRFLOW_CTX_DAG_ID='example_dag' AIRFLOW_CTX_TASK_ID='report_task' AIRFLOW_CTX_EXECUTION_DATE='2024-06-29T02:32:57.600741+00:00' AIRFLOW_CTX_TRY_NUMBER='2' AIRFLOW_CTX_DAG_RUN_ID='scheduled__2024-06-29T02:32:57.600741+00:00'
[2024-06-30T02:35:21.514+0000] {transport.py:1893} INFO - Connected (version 2.0, client OpenSSH_8.4p1)
[2024-06-30T02:35:21.661+0000] {transport.py:1893} INFO - Authentication (password) successful!
[2024-06-30T02:35:22.473+0000] {sftp.py:169} INFO - [chan 0] Opened sftp connection (server version 3)
[2024-06-30T02:35:22.483+0000] {logging_mixin.py:150} INFO - Created directory: /upload/reports
[2024-06-30T02:35:22.484+0000] {sftp.py:169} INFO - [chan 0] sftp session closed.
[2024-06-30T02:35:22.499+0000] {logging_mixin.py:150} INFO - Daily Loan Summary Report - 2024-06-30

Category: Auto
  Total Loans: 4
  Average Loan Amount: $22000.00
  Average Interest Rate: 6.02%

Category: Business
  Total Loans: 4
  Average Loan Amount: $27500.00
  Average Interest Rate: 5.05%

Category: Education
  Total Loans: 4
  Average Loan Amount: $32000.00
  Average Interest Rate: 5.00%

Category: Home
  Total Loans: 4
  Average Loan Amount: $18000.00
  Average Interest Rate: 4.60%

Category: Personal
  Total Loans: 4
  Average Loan Amount: $12750.00
  Average Interest Rate: 5.25%
[2024-06-30T02:35:22.532+0000] {transport.py:1893} INFO - Connected (version 2.0, client OpenSSH_8.4p1)
[2024-06-30T02:35:22.715+0000] {transport.py:1893} INFO - Authentication (password) successful!
[2024-06-30T02:35:23.468+0000] {sftp.py:169} INFO - [chan 0] Opened sftp connection (server version 3)
[2024-06-30T02:35:23.490+0000] {sftp.py:169} INFO - [chan 0] sftp session closed.
[2024-06-30T02:35:23.492+0000] {python.py:183} INFO - Done. Returned value was: None
[2024-06-30T02:35:23.533+0000] {taskinstance.py:1350} INFO - Marking task as SUCCESS. dag_id=example_dag, task_id=report_task, execution_date=20240629T023257, start_date=20240630T023520, end_date=20240630T023523
[2024-06-30T02:35:23.621+0000] {local_task_job_runner.py:225} INFO - Task exited with return code 0
[2024-06-30T02:35:23.679+0000] {taskinstance.py:2653} INFO - 0 downstream tasks scheduled from follow-on schedule check
