[2024-07-02T10:15:33.547+0000] {manager.py:487} INFO - Processing files using up to 2 processes at a time 
[2024-07-02T10:15:33.554+0000] {manager.py:488} INFO - Process each file at most once every 30 seconds
[2024-07-02T10:15:33.562+0000] {manager.py:490} INFO - Checking for new files in /opt/airflow/dags every 300 seconds
[2024-07-02T10:15:33.569+0000] {manager.py:758} INFO - Searching for files in /opt/airflow/dags
[2024-07-02T10:15:33.617+0000] {manager.py:761} INFO - There are 1 files in /opt/airflow/dags
[2024-07-02T10:15:35.366+0000] {manager.py:889} INFO - 
================================================================================
DAG File Processing Stats

File Path                            PID  Runtime      # DAGs    # Errors  Last Runtime    Last Run
---------------------------------  -----  ---------  --------  ----------  --------------  ----------
/opt/airflow/dags/example_dags.py    162  1.06s             0           0
================================================================================
[2024-07-02T10:16:05.622+0000] {manager.py:889} INFO - 
================================================================================
DAG File Processing Stats

File Path                          PID    Runtime      # DAGs    # Errors  Last Runtime    Last Run
---------------------------------  -----  ---------  --------  ----------  --------------  -------------------
/opt/airflow/dags/example_dags.py                           0           1  13.76s          2024-07-02T10:15:47
================================================================================
[2024-07-02T10:16:36.163+0000] {manager.py:889} INFO - 
================================================================================
DAG File Processing Stats

File Path                          PID    Runtime      # DAGs    # Errors  Last Runtime    Last Run
---------------------------------  -----  ---------  --------  ----------  --------------  -------------------
/opt/airflow/dags/example_dags.py                           0           1  2.51s           2024-07-02T10:16:20
================================================================================
[2024-07-02T10:17:06.510+0000] {manager.py:889} INFO - 
================================================================================
DAG File Processing Stats

File Path                          PID    Runtime      # DAGs    # Errors  Last Runtime    Last Run
---------------------------------  -----  ---------  --------  ----------  --------------  -------------------
/opt/airflow/dags/example_dags.py                           0           1  3.68s           2024-07-02T10:16:54
================================================================================
[2024-07-02T10:17:36.768+0000] {manager.py:889} INFO - 
================================================================================
DAG File Processing Stats

File Path                          PID    Runtime      # DAGs    # Errors  Last Runtime    Last Run
---------------------------------  -----  ---------  --------  ----------  --------------  -------------------
/opt/airflow/dags/example_dags.py                           0           1  1.80s           2024-07-02T10:17:26
================================================================================
[2024-07-02T10:18:02.639+0000] {manager.py:470} INFO - Exiting gracefully upon receiving signal 15
[2024-07-02T10:19:09.431+0000] {manager.py:487} INFO - Processing files using up to 2 processes at a time 
[2024-07-02T10:19:09.438+0000] {manager.py:488} INFO - Process each file at most once every 30 seconds
[2024-07-02T10:19:09.441+0000] {manager.py:490} INFO - Checking for new files in /opt/airflow/dags every 300 seconds
[2024-07-02T10:19:09.444+0000] {manager.py:758} INFO - Searching for files in /opt/airflow/dags
[2024-07-02T10:19:09.489+0000] {manager.py:761} INFO - There are 1 files in /opt/airflow/dags
[2024-07-02T10:19:09.936+0000] {manager.py:889} INFO - 
================================================================================
DAG File Processing Stats

File Path                            PID  Runtime      # DAGs    # Errors  Last Runtime    Last Run
---------------------------------  -----  ---------  --------  ----------  --------------  ----------
/opt/airflow/dags/example_dags.py    162  0.26s             0           0
================================================================================
[2024-07-02T10:19:40.627+0000] {manager.py:889} INFO - 
================================================================================
DAG File Processing Stats

File Path                          PID    Runtime      # DAGs    # Errors  Last Runtime    Last Run
---------------------------------  -----  ---------  --------  ----------  --------------  -------------------
/opt/airflow/dags/example_dags.py                           1           0  4.86s           2024-07-02T10:19:14
================================================================================
[2024-07-02T10:20:10.900+0000] {manager.py:889} INFO - 
================================================================================
DAG File Processing Stats

File Path                          PID    Runtime      # DAGs    # Errors  Last Runtime    Last Run
---------------------------------  -----  ---------  --------  ----------  --------------  -------------------
/opt/airflow/dags/example_dags.py                           1           0  1.10s           2024-07-02T10:19:45
================================================================================
[2024-07-02T10:20:41.186+0000] {manager.py:889} INFO - 
================================================================================
DAG File Processing Stats

File Path                          PID    Runtime      # DAGs    # Errors  Last Runtime    Last Run
---------------------------------  -----  ---------  --------  ----------  --------------  -------------------
/opt/airflow/dags/example_dags.py                           1           0  1.98s           2024-07-02T10:20:17
================================================================================
[2024-07-02T10:21:11.538+0000] {manager.py:889} INFO - 
================================================================================
DAG File Processing Stats

File Path                          PID    Runtime      # DAGs    # Errors  Last Runtime    Last Run
---------------------------------  -----  ---------  --------  ----------  --------------  -------------------
/opt/airflow/dags/example_dags.py                           1           0  1.15s           2024-07-02T10:20:49
================================================================================
[2024-07-02T10:21:41.550+0000] {manager.py:889} INFO - 
================================================================================
DAG File Processing Stats

File Path                          PID    Runtime      # DAGs    # Errors  Last Runtime    Last Run
---------------------------------  -----  ---------  --------  ----------  --------------  -------------------
/opt/airflow/dags/example_dags.py                           1           0  0.78s           2024-07-02T10:21:20
================================================================================
[2024-07-02T10:22:11.576+0000] {manager.py:889} INFO - 
================================================================================
DAG File Processing Stats

File Path                          PID    Runtime      # DAGs    # Errors  Last Runtime    Last Run
---------------------------------  -----  ---------  --------  ----------  --------------  -------------------
/opt/airflow/dags/example_dags.py                           1           0  0.78s           2024-07-02T10:21:51
================================================================================
[2024-07-02T10:22:41.875+0000] {manager.py:889} INFO - 
================================================================================
DAG File Processing Stats

File Path                          PID    Runtime      # DAGs    # Errors  Last Runtime    Last Run
---------------------------------  -----  ---------  --------  ----------  --------------  -------------------
/opt/airflow/dags/example_dags.py                           1           0  2.26s           2024-07-02T10:22:23
================================================================================
[2024-07-02T10:23:11.979+0000] {manager.py:889} INFO - 
================================================================================
DAG File Processing Stats

File Path                          PID    Runtime      # DAGs    # Errors  Last Runtime    Last Run
---------------------------------  -----  ---------  --------  ----------  --------------  -------------------
/opt/airflow/dags/example_dags.py                           1           0  1.79s           2024-07-02T10:22:55
================================================================================
